gpasm-1.4.0 #1107 (May  9 2015) build/default   1-5-2017  21:15:55          PAGE  1


LOC    OBJECT CODE    LINE  SOURCE TEXT
  VALUE

                      00001 ;--------------------------------------------------------
                      00002 ; File Created by SDCC : free open source ANSI-C Compiler
                      00003 ; Version 3.6.0 #9615 (Linux)
                      00004 ;--------------------------------------------------------
                      00005 ; PIC port for the 14-bit core
                      00006 ;--------------------------------------------------------
                      00007 ;       .file   "main.c"
                      00008         list    p=16f690
                      00009         radix dec
                      00010         include "p16f690.inc"
                      00001         LIST
                      00002 
                      00003 ;==========================================================================
                      00004 ; Build date : Aug 07 2014
                      00005 ;  MPASM PIC16F690 processor include
                      00006 ; 
                      00007 ;  (c) Copyright 1999-2014 Microchip Technology, All rights reserved
                      00008 ;==========================================================================
                      00009 
                      00757         LIST
                      00011 ;--------------------------------------------------------
                      00012 ; config word(s)
                      00013 ;--------------------------------------------------------
2007   0000           00014         __config 0x3fd4
                      00015 ;--------------------------------------------------------
                      00016 ; external declarations
                      00017 ;--------------------------------------------------------
  0000                00018         extern  _init
  0000                00019         extern  __moduint
  0000                00020         extern  __divuint
  0000                00021         extern  _STATUSbits
  0000                00022         extern  _PORTAbits
  0000                00023         extern  _PORTBbits
  0000                00024         extern  _PORTCbits
  0000                00025         extern  _INTCONbits
  0000                00026         extern  _PIR1bits
  0000                00027         extern  _PIR2bits
  0000                00028         extern  _T1CONbits
  0000                00029         extern  _T2CONbits
  0000                00030         extern  _SSPCONbits
  0000                00031         extern  _CCP1CONbits
  0000                00032         extern  _RCSTAbits
  0000                00033         extern  _PWM1CONbits
  0000                00034         extern  _ECCPASbits
  0000                00035         extern  _ADCON0bits
  0000                00036         extern  _OPTION_REGbits
  0000                00037         extern  _TRISAbits
  0000                00038         extern  _TRISBbits
  0000                00039         extern  _TRISCbits
  0000                00040         extern  _PIE1bits
  0000                00041         extern  _PIE2bits
  0000                00042         extern  _PCONbits
  0000                00043         extern  _OSCCONbits
gpasm-1.4.0 #1107 (May  9 2015) build/default   1-5-2017  21:15:55          PAGE  2


LOC    OBJECT CODE    LINE  SOURCE TEXT
  VALUE

  0000                00044         extern  _OSCTUNEbits
  0000                00045         extern  _MSKbits
  0000                00046         extern  _SSPMSKbits
  0000                00047         extern  _SSPSTATbits
  0000                00048         extern  _WPUbits
  0000                00049         extern  _WPUAbits
  0000                00050         extern  _IOCbits
  0000                00051         extern  _IOCAbits
  0000                00052         extern  _WDTCONbits
  0000                00053         extern  _TXSTAbits
  0000                00054         extern  _SPBRGbits
  0000                00055         extern  _SPBRGHbits
  0000                00056         extern  _BAUDCTLbits
  0000                00057         extern  _ADCON1bits
  0000                00058         extern  _WPUBbits
  0000                00059         extern  _IOCBbits
  0000                00060         extern  _VRCONbits
  0000                00061         extern  _CM1CON0bits
  0000                00062         extern  _CM2CON0bits
  0000                00063         extern  _CM2CON1bits
  0000                00064         extern  _ANSELbits
  0000                00065         extern  _ANSELHbits
  0000                00066         extern  _EECON1bits
  0000                00067         extern  _PSTRCONbits
  0000                00068         extern  _SRCONbits
  0000                00069         extern  _INDF
  0000                00070         extern  _TMR0
  0000                00071         extern  _PCL
  0000                00072         extern  _STATUS
  0000                00073         extern  _FSR
  0000                00074         extern  _PORTA
  0000                00075         extern  _PORTB
  0000                00076         extern  _PORTC
  0000                00077         extern  _PCLATH
  0000                00078         extern  _INTCON
  0000                00079         extern  _PIR1
  0000                00080         extern  _PIR2
  0000                00081         extern  _TMR1
  0000                00082         extern  _TMR1L
  0000                00083         extern  _TMR1H
  0000                00084         extern  _T1CON
  0000                00085         extern  _TMR2
  0000                00086         extern  _T2CON
  0000                00087         extern  _SSPBUF
  0000                00088         extern  _SSPCON
  0000                00089         extern  _CCPR
  0000                00090         extern  _CCPR1L
  0000                00091         extern  _CCPR1H
  0000                00092         extern  _CCP1CON
  0000                00093         extern  _RCSTA
  0000                00094         extern  _TXREG
  0000                00095         extern  _RCREG
  0000                00096         extern  _PWM1CON
gpasm-1.4.0 #1107 (May  9 2015) build/default   1-5-2017  21:15:55          PAGE  3


LOC    OBJECT CODE    LINE  SOURCE TEXT
  VALUE

  0000                00097         extern  _ECCPAS
  0000                00098         extern  _ADRESH
  0000                00099         extern  _ADCON0
  0000                00100         extern  _OPTION_REG
  0000                00101         extern  _TRISA
  0000                00102         extern  _TRISB
  0000                00103         extern  _TRISC
  0000                00104         extern  _PIE1
  0000                00105         extern  _PIE2
  0000                00106         extern  _PCON
  0000                00107         extern  _OSCCON
  0000                00108         extern  _OSCTUNE
  0000                00109         extern  _PR2
  0000                00110         extern  _MSK
  0000                00111         extern  _SSPADD
  0000                00112         extern  _SSPMSK
  0000                00113         extern  _SSPSTAT
  0000                00114         extern  _WPU
  0000                00115         extern  _WPUA
  0000                00116         extern  _IOC
  0000                00117         extern  _IOCA
  0000                00118         extern  _WDTCON
  0000                00119         extern  _TXSTA
  0000                00120         extern  _SPBRG
  0000                00121         extern  _SPBRGH
  0000                00122         extern  _BAUDCTL
  0000                00123         extern  _ADRESL
  0000                00124         extern  _ADCON1
  0000                00125         extern  _EEDAT
  0000                00126         extern  _EEDATA
  0000                00127         extern  _EEADR
  0000                00128         extern  _EEDATH
  0000                00129         extern  _EEADRH
  0000                00130         extern  _WPUB
  0000                00131         extern  _IOCB
  0000                00132         extern  _VRCON
  0000                00133         extern  _CM1CON0
  0000                00134         extern  _CM2CON0
  0000                00135         extern  _CM2CON1
  0000                00136         extern  _ANSEL
  0000                00137         extern  _ANSELH
  0000                00138         extern  _EECON1
  0000                00139         extern  _EECON2
  0000                00140         extern  _PSTRCON
  0000                00141         extern  _SRCON
  0000                00142         extern  ___sdcc_saved_fsr
  0000                00143         extern  __gptrget1
  0000                00144         extern  __sdcc_gsinit_startup
                      00145 ;--------------------------------------------------------
                      00146 ; global declarations
                      00147 ;--------------------------------------------------------
  0000                00148         global  _SP_send_error
  0000                00149         global  _SP_send
gpasm-1.4.0 #1107 (May  9 2015) build/default   1-5-2017  21:15:55          PAGE  4


LOC    OBJECT CODE    LINE  SOURCE TEXT
  VALUE

  0000                00150         global  _dec_to_ascii
  0000                00151         global  _circBufPush
  0000                00152         global  _receive_intr
  0000                00153         global  _main
  0000                00154         global  _bitfield
  0000                00155         global  _w
  0000                00156         global  _t
  0000                00157         global  _w1
  0000                00158         global  _t1
  0000                00159         global  _buf
  0000                00160         global  _buf_head
  0000                00161         global  _buf_tail
  0000                00162         global  _int_error_cnt
  0000                00163         global  _strV0
  0000                00164         global  _strV1
  0000                00165         global  _strVF
  0000                00166         global  _strw
  0000                00167         global  _strt
  0000                00168         global  _strw1
  0000                00169         global  _strt1
  0000                00170         global  _tab
  0000                00171         global  _enter
  0000                00172         global  _sync
  0000                00173         global  _int_err
  0000                00174         global  _buf_err
                      00175 
  0000                00176         global PSAVE
  0000                00177         global SSAVE
  0000                00178         global WSAVE
  0000                00179         global STK12
  0000                00180         global STK11
  0000                00181         global STK10
  0000                00182         global STK09
  0000                00183         global STK08
  0000                00184         global STK07
  0000                00185         global STK06
  0000                00186         global STK05
  0000                00187         global STK04
  0000                00188         global STK03
  0000                00189         global STK02
  0000                00190         global STK01
  0000                00191         global STK00
                      00192 
                      00193 sharebank udata_ovr 0x0070
0070                  00194 PSAVE   res 1
0071                  00195 SSAVE   res 1
0072                  00196 WSAVE   res 1
0073                  00197 STK12   res 1
0074                  00198 STK11   res 1
0075                  00199 STK10   res 1
0076                  00200 STK09   res 1
0077                  00201 STK08   res 1
0078                  00202 STK07   res 1
gpasm-1.4.0 #1107 (May  9 2015) build/default   1-5-2017  21:15:55          PAGE  5


LOC    OBJECT CODE    LINE  SOURCE TEXT
  VALUE

0079                  00203 STK06   res 1
007A                  00204 STK05   res 1
007B                  00205 STK04   res 1
007C                  00206 STK03   res 1
007D                  00207 STK02   res 1
007E                  00208 STK01   res 1
007F                  00209 STK00   res 1
                      00210 
                      00211 ;--------------------------------------------------------
                      00212 ; global definitions
                      00213 ;--------------------------------------------------------
                      00214 UD_main_0       udata
0000                  00215 _bitfield       res     1
                      00216 
                      00217 UD_main_1       udata
0000                  00218 _buf    res     16
                      00219 
                      00220 ;--------------------------------------------------------
                      00221 ; absolute symbol definitions
                      00222 ;--------------------------------------------------------
                      00223 ;--------------------------------------------------------
                      00224 ; compiler-defined variables
                      00225 ;--------------------------------------------------------
                      00226 UDL_main_0      udata
0000                  00227 r0x103C res     1
0001                  00228 r0x103D res     1
0002                  00229 r0x103E res     1
0003                  00230 r0x1038 res     1
0004                  00231 r0x103A res     1
0005                  00232 r0x1039 res     1
0006                  00233 r0x103B res     1
0007                  00234 r0x1025 res     1
0008                  00235 r0x1026 res     1
0009                  00236 r0x1028 res     1
000A                  00237 r0x1027 res     1
000B                  00238 r0x1029 res     1
000C                  00239 r0x1033 res     1
000D                  00240 r0x1032 res     1
000E                  00241 r0x1034 res     1
000F                  00242 r0x1037 res     1
0010                  00243 r0x102C res     1
0011                  00244 r0x102B res     1
0012                  00245 r0x102A res     1
0013                  00246 r0x102D res     1
0014                  00247 r0x102E res     1
0015                  00248 r0x102F res     1
0016                  00249 r0x1030 res     1
0017                  00250 r0x1031 res     1
0018                  00251 r0x101F res     1
0019                  00252 r0x101E res     1
001A                  00253 r0x101D res     1
001B                  00254 r0x1020 res     1
001C                  00255 r0x1021 res     1
gpasm-1.4.0 #1107 (May  9 2015) build/default   1-5-2017  21:15:55          PAGE  6


LOC    OBJECT CODE    LINE  SOURCE TEXT
  VALUE

001D                  00256 r0x1022 res     1
001E                  00257 r0x1023 res     1
001F                  00258 r0x1024 res     1
                      00259 ;--------------------------------------------------------
                      00260 ; initialized data
                      00261 ;--------------------------------------------------------
                      00262 
                      00263 ID_main_0       idata
0000                  00264 _w
0000   00 00          00265         db      0x00, 0x00
                      00266 
                      00267 
                      00268 ID_main_1       idata
0000                  00269 _t
0000   00 00          00270         db      0x00, 0x00
                      00271 
                      00272 
                      00273 ID_main_2       idata
0000                  00274 _w1
0000   00 00          00275         db      0x00, 0x00
                      00276 
                      00277 
                      00278 ID_main_3       idata
0000                  00279 _t1
0000   00 00          00280         db      0x00, 0x00
                      00281 
                      00282 
                      00283 ID_main_4       idata
0000                  00284 _buf_head
0000   00             00285         db      0x00
                      00286 
                      00287 
                      00288 ID_main_5       idata
0000                  00289 _buf_tail
0000   00             00290         db      0x00
                      00291 
                      00292 
                      00293 ID_main_6       idata
0000                  00294 _int_error_cnt
0000   00             00295         db      0x00
                      00296 
                      00297 
                      00298 ID_main_7       code
0000                  00299 _strV0
0000   3430           00300         retlw 0x30
0001   3420           00301         retlw 0x20
0002   340A           00302         retlw 0x0a
0003   3400           00303         retlw 0x00
                      00304 
                      00305 
                      00306 ID_main_8       code
0000                  00307 _strV1
0000   3431           00308         retlw 0x31
gpasm-1.4.0 #1107 (May  9 2015) build/default   1-5-2017  21:15:55          PAGE  7


LOC    OBJECT CODE    LINE  SOURCE TEXT
  VALUE

0001   3420           00309         retlw 0x20
0002   340A           00310         retlw 0x0a
0003   3400           00311         retlw 0x00
                      00312 
                      00313 
                      00314 ID_main_9       code
0000                  00315 _strVF
0000   3446           00316         retlw 0x46
0001   3420           00317         retlw 0x20
0002   340A           00318         retlw 0x0a
0003   3400           00319         retlw 0x00
                      00320 
                      00321 
                      00322 ID_main_10      code
0000                  00323 _strw
0000   3477           00324         retlw 0x77
0001   343A           00325         retlw 0x3a
0002   3420           00326         retlw 0x20
0003   3400           00327         retlw 0x00
                      00328 
                      00329 
                      00330 ID_main_11      code
0000                  00331 _strt
0000   3474           00332         retlw 0x74
0001   343A           00333         retlw 0x3a
0002   3420           00334         retlw 0x20
0003   3400           00335         retlw 0x00
                      00336 
                      00337 
                      00338 ID_main_12      code
0000                  00339 _strw1
0000   3477           00340         retlw 0x77
0001   3431           00341         retlw 0x31
0002   343A           00342         retlw 0x3a
0003   3420           00343         retlw 0x20
0004   3400           00344         retlw 0x00
                      00345 
                      00346 
                      00347 ID_main_13      code
0000                  00348 _strt1
0000   3474           00349         retlw 0x74
0001   3431           00350         retlw 0x31
0002   343A           00351         retlw 0x3a
0003   3420           00352         retlw 0x20
0004   3400           00353         retlw 0x00
                      00354 
                      00355 
                      00356 ID_main_14      code
0000                  00357 _tab
0000   3409           00358         retlw 0x09
0001   3400           00359         retlw 0x00
                      00360 
                      00361 
gpasm-1.4.0 #1107 (May  9 2015) build/default   1-5-2017  21:15:55          PAGE  8


LOC    OBJECT CODE    LINE  SOURCE TEXT
  VALUE

                      00362 ID_main_15      code
0000                  00363 _enter
0000   340A           00364         retlw 0x0a
0001   3400           00365         retlw 0x00
                      00366 
                      00367 
                      00368 ID_main_16      code
0000                  00369 _sync
0000   3453           00370         retlw 0x53
0001   3459           00371         retlw 0x59
0002   344E           00372         retlw 0x4e
0003   3443           00373         retlw 0x43
0004   340A           00374         retlw 0x0a
0005   3400           00375         retlw 0x00
                      00376 
                      00377 
                      00378 ID_main_17      code
0000                  00379 _int_err
0000   3449           00380         retlw 0x49
0001   344E           00381         retlw 0x4e
0002   3454           00382         retlw 0x54
0003   3420           00383         retlw 0x20
0004   3445           00384         retlw 0x45
0005   3452           00385         retlw 0x52
0006   3452           00386         retlw 0x52
0007   340A           00387         retlw 0x0a
0008   3400           00388         retlw 0x00
                      00389 
                      00390 
                      00391 ID_main_18      code
0000                  00392 _buf_err
0000   3442           00393         retlw 0x42
0001   3455           00394         retlw 0x55
0002   3446           00395         retlw 0x46
0003   3446           00396         retlw 0x46
0004   3445           00397         retlw 0x45
0005   3452           00398         retlw 0x52
0006   3420           00399         retlw 0x20
0007   344F           00400         retlw 0x4f
0008   3457           00401         retlw 0x57
0009   3445           00402         retlw 0x45
000A   3452           00403         retlw 0x52
000B   3446           00404         retlw 0x46
000C   344C           00405         retlw 0x4c
000D   344F           00406         retlw 0x4f
000E   3457           00407         retlw 0x57
000F   340A           00408         retlw 0x0a
0010   3400           00409         retlw 0x00
                      00410 
                      00411 ;--------------------------------------------------------
                      00412 ; overlayable items in internal ram 
                      00413 ;--------------------------------------------------------
                      00414 ;       udata_ovr
gpasm-1.4.0 #1107 (May  9 2015) build/default   1-5-2017  21:15:55          PAGE  9


LOC    OBJECT CODE    LINE  SOURCE TEXT
  VALUE

                      00415 ;--------------------------------------------------------
                      00416 ; reset vector 
                      00417 ;--------------------------------------------------------
                      00418 STARTUP code 0x0000
0000   0000           00419         nop
0001   ????           00420         pagesel __sdcc_gsinit_startup
0002   2???           00421         goto    __sdcc_gsinit_startup
                      00422 ;--------------------------------------------------------
                      00423 ; interrupt and initialization code
                      00424 ;--------------------------------------------------------
                      00425 c_interrupt     code    0x0004
0004                  00426 __sdcc_interrupt:
                      00427 ;***
                      00428 ;  pBlock Stats: dbName = I
                      00429 ;***
                      00430 ;functions called:
                      00431 ;   _SP_send_error
                      00432 ;   _SP_send_error
                      00433 ;5 compiler assigned registers:
                      00434 ;   r0x103C
                      00435 ;   r0x103D
                      00436 ;   r0x103E
                      00437 ;   STK01
                      00438 ;   STK00
                      00439 ;; Starting pCode block
0004                  00440 _receive_intr:
                      00441 ; 0 exit points
                      00442 ;       .line   84; "main.c"    void receive_intr() __interrupt 0 {
0004   00??           00443         MOVWF   WSAVE
0005   0E03           00444         SWAPF   STATUS,W
0006   0183           00445         CLRF    STATUS
0007   00??           00446         MOVWF   SSAVE
0008   080A           00447         MOVF    PCLATH,W
0009   018A           00448         CLRF    PCLATH
000A   00??           00449         MOVWF   PSAVE
000B   0804           00450         MOVF    FSR,W
000C   ???? ????      00451         BANKSEL ___sdcc_saved_fsr
000E   00??           00452         MOVWF   ___sdcc_saved_fsr
                      00453 ;       .line   86; "main.c"    if(TXIF){
000F   ???? ????      00454         BANKSEL _PIR1bits
0011   1E??           00455         BTFSS   _PIR1bits,4
0012   2???           00456         GOTO    _00111_DS_
                      00457 ;       .line   88; "main.c"    if (buf_head == buf_tail){
0013   ???? ????      00458         BANKSEL _buf_tail
0015   08??           00459         MOVF    _buf_tail,W
0016   ???? ????      00460         BANKSEL _buf_head
0018   06??           00461         XORWF   _buf_head,W
0019   1D03           00462         BTFSS   STATUS,2
001A   2???           00463         GOTO    _00108_DS_
                      00464 ;       .line   89; "main.c"    TXIE = 0;
001B   ???? ????      00465         BANKSEL _PIE1bits
001D   12??           00466         BCF     _PIE1bits,4
001E   2???           00467         GOTO    _00111_DS_
gpasm-1.4.0 #1107 (May  9 2015) build/default   1-5-2017  21:15:55          PAGE 10


LOC    OBJECT CODE    LINE  SOURCE TEXT
  VALUE

001F                  00468 _00108_DS_:
                      00469 ;       .line   94; "main.c"    TXREG = buf[buf_tail];
001F   ???? ????      00470         BANKSEL _buf_tail
0021   08??           00471         MOVF    _buf_tail,W
0022   3E??           00472         ADDLW   (_buf + 0)
0023   ???? ????      00473         BANKSEL r0x103C
0025   00??           00474         MOVWF   r0x103C
0026   30??           00475         MOVLW   high (_buf + 0)
0027   1803           00476         BTFSC   STATUS,0
0028   3E01           00477         ADDLW   0x01
0029   00??           00478         MOVWF   r0x103D
002A   08??           00479         MOVF    r0x103C,W
002B   1283 1303      00480         BANKSEL FSR
002D   0084           00481         MOVWF   FSR
002E   1383           00482         BCF     STATUS,7
002F   ???? ????      00483         BANKSEL r0x103D
0031   18??           00484         BTFSC   r0x103D,0
0032   1783           00485         BSF     STATUS,7
0033   1283 1303      00486         BANKSEL INDF
0035   0800           00487         MOVF    INDF,W
0036   00??           00488         MOVWF   _TXREG
                      00489 ;       .line   95; "main.c"    buf[buf_tail] = 0;  // clear the data (optional)
0037   ???? ????      00490         BANKSEL r0x103C
0039   08??           00491         MOVF    r0x103C,W
003A   1283 1303      00492         BANKSEL FSR
003C   0084           00493         MOVWF   FSR
003D   1383           00494         BCF     STATUS,7
003E   ???? ????      00495         BANKSEL r0x103D
0040   18??           00496         BTFSC   r0x103D,0
0041   1783           00497         BSF     STATUS,7
0042   3000           00498         MOVLW   0x00
0043   1283 1303      00499         BANKSEL INDF
0045   0080           00500         MOVWF   INDF
                      00501 ;       .line   97; "main.c"    next = buf_tail + 1;
0046   ???? ????      00502         BANKSEL _buf_tail
0048   08??           00503         MOVF    _buf_tail,W
0049   ???? ????      00504         BANKSEL r0x103C
004B   00??           00505         MOVWF   r0x103C
004C   01??           00506         CLRF    r0x103D
004D   0A??           00507         INCF    r0x103C,F
004E   1903           00508         BTFSC   STATUS,2
004F   0A??           00509         INCF    r0x103D,F
                      00510 ;;signed compare: left < lit(0x10=16), size=2, mask=ffff
                      00511 ;       .line   98; "main.c"    if(next >= BUF_SIZE)
0050   08??           00512         MOVF    r0x103D,W
0051   3E80           00513         ADDLW   0x80
0052   3E80           00514         ADDLW   0x80
0053   1D03           00515         BTFSS   STATUS,2
0054   2???           00516         GOTO    _00139_DS_
0055   3010           00517         MOVLW   0x10
0056   02??           00518         SUBWF   r0x103C,W
0057                  00519 _00139_DS_:
0057   1C03           00520         BTFSS   STATUS,0
gpasm-1.4.0 #1107 (May  9 2015) build/default   1-5-2017  21:15:55          PAGE 11


LOC    OBJECT CODE    LINE  SOURCE TEXT
  VALUE

0058   2???           00521         GOTO    _00106_DS_
                      00522 ;;genSkipc:3257: created from rifx:0x7ffd407d8f20
                      00523 ;       .line   99; "main.c"    next = 0;
0059   ???? ????      00524         BANKSEL r0x103C
005B   01??           00525         CLRF    r0x103C
005C   01??           00526         CLRF    r0x103D
005D                  00527 _00106_DS_:
                      00528 ;       .line   101; "main.c"   buf_tail = next;
005D   ???? ????      00529         BANKSEL r0x103C
005F   08??           00530         MOVF    r0x103C,W
0060   ???? ????      00531         BANKSEL _buf_tail
0062   00??           00532         MOVWF   _buf_tail
0063                  00533 _00111_DS_:
                      00534 ;       .line   105; "main.c"   if(CCP1IF){
0063   ???? ????      00535         BANKSEL _PIR1bits
0065   1D??           00536         BTFSS   _PIR1bits,2
0066   2???           00537         GOTO    _00116_DS_
                      00538 ;       .line   108; "main.c"   if(CCP1M0){                     // if ECCP mode is Rising edge CCP1M0
0067   1C??           00539         BTFSS   _CCP1CONbits,0
0068   2???           00540         GOTO    _00113_DS_
                      00541 ;       .line   109; "main.c"   CCP1M0 = FALING;                 // set falling edge
0069   10??           00542         BCF     _CCP1CONbits,0
                      00543 ;       .line   110; "main.c"   TMR1H = 0;
006A   01??           00544         CLRF    _TMR1H
                      00545 ;       .line   111; "main.c"   TMR1L = 0;
006B   01??           00546         CLRF    _TMR1L
                      00547 ;       .line   112; "main.c"   t = 0x0000 | CCPR1H;        //ECCP result higher 8 bits
006C   08??           00548         MOVF    _CCPR1H,W
006D   ???? ????      00549         BANKSEL r0x103C
006F   00??           00550         MOVWF   r0x103C
0070   ???? ????      00551         BANKSEL _t
0072   00??           00552         MOVWF   _t
0073   01??           00553         CLRF    (_t + 1)
                      00554 ;       .line   113; "main.c"   t = t << 8;
0074   08??           00555         MOVF    _t,W
0075   00??           00556         MOVWF   (_t + 1)
0076   01??           00557         CLRF    _t
                      00558 ;       .line   114; "main.c"   t = t | CCPR1L;             //ECCP combined 16 bit number formation
0077   ???? ????      00559         BANKSEL _CCPR1L
0079   08??           00560         MOVF    _CCPR1L,W
007A   ???? ????      00561         BANKSEL r0x103C
007C   00??           00562         MOVWF   r0x103C
007D   01??           00563         CLRF    r0x103D
007E   08??           00564         MOVF    r0x103C,W
007F   ???? ????      00565         BANKSEL _t
0081   04??           00566         IORWF   _t,F
0082   3000           00567         MOVLW   0x00
0083   04??           00568         IORWF   (_t + 1),F
                      00569 ;       .line   115; "main.c"   bitfield.Capture = TRUE;
0084   ???? ????      00570         BANKSEL _bitfield
0086   14??           00571         BSF     _bitfield,0
0087   2???           00572         GOTO    _00114_DS_
0088                  00573 _00113_DS_:
gpasm-1.4.0 #1107 (May  9 2015) build/default   1-5-2017  21:15:55          PAGE 12


LOC    OBJECT CODE    LINE  SOURCE TEXT
  VALUE

                      00574 ;       .line   118; "main.c"   CCP1M0 = RISING;
0088   ???? ????      00575         BANKSEL _CCP1CONbits
008A   14??           00576         BSF     _CCP1CONbits,0
                      00577 ;       .line   119; "main.c"   w = 0x0000 | CCPR1H;        //ECCP result higher 8 bits
008B   08??           00578         MOVF    _CCPR1H,W
008C   ???? ????      00579         BANKSEL r0x103C
008E   00??           00580         MOVWF   r0x103C
008F   ???? ????      00581         BANKSEL _w
0091   00??           00582         MOVWF   _w
0092   01??           00583         CLRF    (_w + 1)
                      00584 ;       .line   120; "main.c"   w = w << 8;
0093   08??           00585         MOVF    _w,W
0094   00??           00586         MOVWF   (_w + 1)
0095   01??           00587         CLRF    _w
                      00588 ;       .line   121; "main.c"   w = w | CCPR1L;             //ECCP combined 16 bit number formation
0096   ???? ????      00589         BANKSEL _CCPR1L
0098   08??           00590         MOVF    _CCPR1L,W
0099   ???? ????      00591         BANKSEL r0x103C
009B   00??           00592         MOVWF   r0x103C
009C   01??           00593         CLRF    r0x103D
009D   08??           00594         MOVF    r0x103C,W
009E   ???? ????      00595         BANKSEL _w
00A0   04??           00596         IORWF   _w,F
00A1   3000           00597         MOVLW   0x00
00A2   04??           00598         IORWF   (_w + 1),F
00A3                  00599 _00114_DS_:
                      00600 ;       .line   125; "main.c"   CCP1IF = 0;                     //Clear interrupt flag
00A3   ???? ????      00601         BANKSEL _PIR1bits
00A5   11??           00602         BCF     _PIR1bits,2
00A6                  00603 _00116_DS_:
                      00604 ;       .line   127; "main.c"   int_error_cnt++;
00A6   ???? ????      00605         BANKSEL _int_error_cnt
00A8   0A??           00606         INCF    _int_error_cnt,F
                      00607 ;;swapping arguments (AOP_TYPEs 1/3)
                      00608 ;;unsigned compare: left >= lit(0x65=101), size=1
                      00609 ;       .line   128; "main.c"   if (int_error_cnt > 100)
00A9   3065           00610         MOVLW   0x65
00AA   02??           00611         SUBWF   _int_error_cnt,W
00AB   1C03           00612         BTFSS   STATUS,0
00AC   2???           00613         GOTO    _00119_DS_
                      00614 ;;genSkipc:3257: created from rifx:0x7ffd407d8f20
                      00615 ;       .line   129; "main.c"   SP_send_error(int_err);
00AD   30??           00616         MOVLW   high (_int_err + 0)
00AE   ???? ????      00617         BANKSEL r0x103D
00B0   00??           00618         MOVWF   r0x103D
00B1   30??           00619         MOVLW   (_int_err + 0)
00B2   00??           00620         MOVWF   r0x103C
00B3   3080           00621         MOVLW   0x80
00B4   00??           00622         MOVWF   r0x103E
00B5   08??           00623         MOVF    r0x103C,W
00B6   00??           00624         MOVWF   STK01
00B7   08??           00625         MOVF    r0x103D,W
00B8   00??           00626         MOVWF   STK00
gpasm-1.4.0 #1107 (May  9 2015) build/default   1-5-2017  21:15:55          PAGE 13


LOC    OBJECT CODE    LINE  SOURCE TEXT
  VALUE

00B9   08??           00627         MOVF    r0x103E,W
00BA   ????           00628         PAGESEL _SP_send_error
00BB   2???           00629         CALL    _SP_send_error
00BC   ????           00630         PAGESEL $
00BD                  00631 _00119_DS_:
00BD   ???? ????      00632         BANKSEL ___sdcc_saved_fsr
00BF   08??           00633         MOVF    ___sdcc_saved_fsr,W
00C0   1283 1303      00634         BANKSEL FSR
00C2   0084           00635         MOVWF   FSR
00C3   08??           00636         MOVF    PSAVE,W
00C4   008A           00637         MOVWF   PCLATH
00C5   0183           00638         CLRF    STATUS
00C6   0E??           00639         SWAPF   SSAVE,W
00C7   0083           00640         MOVWF   STATUS
00C8   0E??           00641         SWAPF   WSAVE,F
00C9   0E??           00642         SWAPF   WSAVE,W
00CA                  00643 END_OF_INTERRUPT:
00CA   0009           00644         RETFIE  
                      00645 
                      00646 ;--------------------------------------------------------
                      00647 ; code
                      00648 ;--------------------------------------------------------
                      00649 code_main       code
                      00650 ;***
                      00651 ;  pBlock Stats: dbName = M
                      00652 ;***
                      00653 ;has an exit
                      00654 ;functions called:
                      00655 ;   _init
                      00656 ;   _dec_to_ascii
                      00657 ;   _SP_send
                      00658 ;   _dec_to_ascii
                      00659 ;   _SP_send
                      00660 ;   _init
                      00661 ;   _dec_to_ascii
                      00662 ;   _SP_send
                      00663 ;   _dec_to_ascii
                      00664 ;   _SP_send
                      00665 ;6 compiler assigned registers:
                      00666 ;   r0x1038
                      00667 ;   STK00
                      00668 ;   r0x1039
                      00669 ;   r0x103A
                      00670 ;   r0x103B
                      00671 ;   STK01
                      00672 ;; Starting pCode block
                      00673 S_main__main    code
0000                  00674 _main:
                      00675 ; 2 exit points
                      00676 ;       .line   135; "main.c"   init();
0000   ????           00677         PAGESEL _init
0001   2???           00678         CALL    _init
0002   ????           00679         PAGESEL $
gpasm-1.4.0 #1107 (May  9 2015) build/default   1-5-2017  21:15:55          PAGE 14


LOC    OBJECT CODE    LINE  SOURCE TEXT
  VALUE

                      00680 ;       .line   136; "main.c"   while(1)
0003   ???? ????      00681         BANKSEL r0x1038
0005   01??           00682         CLRF    r0x1038
0006                  00683 _00155_DS_:
                      00684 ;       .line   139; "main.c"   if (bitfield.Capture){            
0006   ???? ????      00685         BANKSEL _bitfield
0008   1C??           00686         BTFSS   _bitfield,0
0009   2???           00687         GOTO    _00153_DS_
                      00688 ;;swapping arguments (AOP_TYPEs 1/3)
                      00689 ;;unsigned compare: left >= lit(0x759=1881), size=2
                      00690 ;       .line   143; "main.c"   if (t > MIN_T && t < MAX_T && t1 > MIN_T && t1 < MAX_T){
000A   3007           00691         MOVLW   0x07
000B   ???? ????      00692         BANKSEL _t
000D   02??           00693         SUBWF   (_t + 1),W
000E   1D03           00694         BTFSS   STATUS,2
000F   2???           00695         GOTO    _00183_DS_
0010   3059           00696         MOVLW   0x59
0011   02??           00697         SUBWF   _t,W
0012                  00698 _00183_DS_:
0012   1C03           00699         BTFSS   STATUS,0
0013   2???           00700         GOTO    _00145_DS_
                      00701 ;;genSkipc:3257: created from rifx:0x7ffd407d8f20
                      00702 ;;unsigned compare: left < lit(0x79E=1950), size=2
0014   3007           00703         MOVLW   0x07
0015   ???? ????      00704         BANKSEL _t
0017   02??           00705         SUBWF   (_t + 1),W
0018   1D03           00706         BTFSS   STATUS,2
0019   2???           00707         GOTO    _00184_DS_
001A   309E           00708         MOVLW   0x9e
001B   02??           00709         SUBWF   _t,W
001C                  00710 _00184_DS_:
001C   1803           00711         BTFSC   STATUS,0
001D   2???           00712         GOTO    _00145_DS_
                      00713 ;;genSkipc:3257: created from rifx:0x7ffd407d8f20
                      00714 ;;swapping arguments (AOP_TYPEs 1/3)
                      00715 ;;unsigned compare: left >= lit(0x759=1881), size=2
001E   3007           00716         MOVLW   0x07
001F   ???? ????      00717         BANKSEL _t1
0021   02??           00718         SUBWF   (_t1 + 1),W
0022   1D03           00719         BTFSS   STATUS,2
0023   2???           00720         GOTO    _00185_DS_
0024   3059           00721         MOVLW   0x59
0025   02??           00722         SUBWF   _t1,W
0026                  00723 _00185_DS_:
0026   1C03           00724         BTFSS   STATUS,0
0027   2???           00725         GOTO    _00145_DS_
                      00726 ;;genSkipc:3257: created from rifx:0x7ffd407d8f20
                      00727 ;;unsigned compare: left < lit(0x79E=1950), size=2
0028   3007           00728         MOVLW   0x07
0029   ???? ????      00729         BANKSEL _t1
002B   02??           00730         SUBWF   (_t1 + 1),W
002C   1D03           00731         BTFSS   STATUS,2
002D   2???           00732         GOTO    _00186_DS_
gpasm-1.4.0 #1107 (May  9 2015) build/default   1-5-2017  21:15:55          PAGE 15


LOC    OBJECT CODE    LINE  SOURCE TEXT
  VALUE

002E   309E           00733         MOVLW   0x9e
002F   02??           00734         SUBWF   _t1,W
0030                  00735 _00186_DS_:
0030   1803           00736         BTFSC   STATUS,0
0031   2???           00737         GOTO    _00145_DS_
                      00738 ;;genSkipc:3257: created from rifx:0x7ffd407d8f20
                      00739 ;       .line   144; "main.c"   bitfield.Hint = TRUE;
0032   ???? ????      00740         BANKSEL _bitfield
0034   15??           00741         BSF     _bitfield,2
                      00742 ;;unsigned compare: left < lit(0x64=100), size=1
0035                  00743 _00145_DS_:
                      00744 ;       .line   146; "main.c"   if (i < 100 && bitfield.Hint){
0035   3064           00745         MOVLW   0x64
0036   ???? ????      00746         BANKSEL r0x1038
0038   02??           00747         SUBWF   r0x1038,W
0039   1803           00748         BTFSC   STATUS,0
003A   2???           00749         GOTO    _00150_DS_
                      00750 ;;genSkipc:3257: created from rifx:0x7ffd407d8f20
003B   ???? ????      00751         BANKSEL _bitfield
003D   1D??           00752         BTFSS   _bitfield,2
003E   2???           00753         GOTO    _00150_DS_
                      00754 ;       .line   147; "main.c"   dec_to_ascii(w);
003F   ???? ????      00755         BANKSEL _w
0041   08??           00756         MOVF    _w,W
0042   00??           00757         MOVWF   STK00
0043   08??           00758         MOVF    (_w + 1),W
0044   ????           00759         PAGESEL _dec_to_ascii
0045   2???           00760         CALL    _dec_to_ascii
0046   ????           00761         PAGESEL $
                      00762 ;       .line   148; "main.c"   SP_send(tab);
0047   30??           00763         MOVLW   high (_tab + 0)
0048   ???? ????      00764         BANKSEL r0x1039
004A   00??           00765         MOVWF   r0x1039
004B   30??           00766         MOVLW   (_tab + 0)
004C   00??           00767         MOVWF   r0x103A
004D   3080           00768         MOVLW   0x80
004E   00??           00769         MOVWF   r0x103B
004F   08??           00770         MOVF    r0x103A,W
0050   00??           00771         MOVWF   STK01
0051   08??           00772         MOVF    r0x1039,W
0052   00??           00773         MOVWF   STK00
0053   08??           00774         MOVF    r0x103B,W
0054   ????           00775         PAGESEL _SP_send
0055   2???           00776         CALL    _SP_send
0056   ????           00777         PAGESEL $
                      00778 ;       .line   149; "main.c"   dec_to_ascii(t);
0057   ???? ????      00779         BANKSEL _t
0059   08??           00780         MOVF    _t,W
005A   00??           00781         MOVWF   STK00
005B   08??           00782         MOVF    (_t + 1),W
005C   ????           00783         PAGESEL _dec_to_ascii
005D   2???           00784         CALL    _dec_to_ascii
005E   ????           00785         PAGESEL $
gpasm-1.4.0 #1107 (May  9 2015) build/default   1-5-2017  21:15:55          PAGE 16


LOC    OBJECT CODE    LINE  SOURCE TEXT
  VALUE

                      00786 ;       .line   150; "main.c"   SP_send(enter);
005F   30??           00787         MOVLW   high (_enter + 0)
0060   ???? ????      00788         BANKSEL r0x1039
0062   00??           00789         MOVWF   r0x1039
0063   30??           00790         MOVLW   (_enter + 0)
0064   00??           00791         MOVWF   r0x103A
0065   3080           00792         MOVLW   0x80
0066   00??           00793         MOVWF   r0x103B
0067   08??           00794         MOVF    r0x103A,W
0068   00??           00795         MOVWF   STK01
0069   08??           00796         MOVF    r0x1039,W
006A   00??           00797         MOVWF   STK00
006B   08??           00798         MOVF    r0x103B,W
006C   ????           00799         PAGESEL _SP_send
006D   2???           00800         CALL    _SP_send
006E   ????           00801         PAGESEL $
                      00802 ;       .line   151; "main.c"   i++;
006F   ???? ????      00803         BANKSEL r0x1038
0071   0A??           00804         INCF    r0x1038,F
0072                  00805 _00150_DS_:
                      00806 ;       .line   153; "main.c"   t1 = t;
0072   ???? ????      00807         BANKSEL _t
0074   08??           00808         MOVF    _t,W
0075   ???? ????      00809         BANKSEL _t1
0077   00??           00810         MOVWF   _t1
0078   ???? ????      00811         BANKSEL _t
007A   08??           00812         MOVF    (_t + 1),W
007B   ???? ????      00813         BANKSEL _t1
007D   00??           00814         MOVWF   (_t1 + 1)
                      00815 ;       .line   154; "main.c"   w1 = w;
007E   ???? ????      00816         BANKSEL _w
0080   08??           00817         MOVF    _w,W
0081   ???? ????      00818         BANKSEL _w1
0083   00??           00819         MOVWF   _w1
0084   ???? ????      00820         BANKSEL _w
0086   08??           00821         MOVF    (_w + 1),W
0087   ???? ????      00822         BANKSEL _w1
0089   00??           00823         MOVWF   (_w1 + 1)
                      00824 ;       .line   155; "main.c"   bitfield.Capture = FALSE;
008A   ???? ????      00825         BANKSEL _bitfield
008C   10??           00826         BCF     _bitfield,0
008D                  00827 _00153_DS_:
                      00828 ;       .line   158; "main.c"   int_error_cnt = 0;
008D   ???? ????      00829         BANKSEL _int_error_cnt
008F   01??           00830         CLRF    _int_error_cnt
0090   2???           00831         GOTO    _00155_DS_
0091   0008           00832         RETURN  
                      00833 ; exit point of _main
                      00834 
                      00835 ;***
                      00836 ;  pBlock Stats: dbName = C
                      00837 ;***
                      00838 ;has an exit
gpasm-1.4.0 #1107 (May  9 2015) build/default   1-5-2017  21:15:55          PAGE 17


LOC    OBJECT CODE    LINE  SOURCE TEXT
  VALUE

                      00839 ;functions called:
                      00840 ;   __gptrget1
                      00841 ;   __gptrget1
                      00842 ;10 compiler assigned registers:
                      00843 ;   r0x101D
                      00844 ;   STK00
                      00845 ;   r0x101E
                      00846 ;   STK01
                      00847 ;   r0x101F
                      00848 ;   r0x1020
                      00849 ;   r0x1021
                      00850 ;   r0x1022
                      00851 ;   r0x1023
                      00852 ;   r0x1024
                      00853 ;; Starting pCode block
                      00854 S_main__SP_send_error   code
0000                  00855 _SP_send_error:
                      00856 ; 2 exit points
                      00857 ;       .line   200; "main.c"   void SP_send_error(char str[])
0000   ???? ????      00858         BANKSEL r0x101D
0002   00??           00859         MOVWF   r0x101D
0003   08??           00860         MOVF    STK00,W
0004   00??           00861         MOVWF   r0x101E
0005   08??           00862         MOVF    STK01,W
0006   00??           00863         MOVWF   r0x101F
                      00864 ;       .line   203; "main.c"   GIE = FALSE;    // Disable all interrupts.
0007   ???? ????      00865         BANKSEL _INTCONbits
0009   13??           00866         BCF     _INTCONbits,7
                      00867 ;       .line   204; "main.c"   for(i=0; str[i] != '\0'; i++)
000A   ???? ????      00868         BANKSEL r0x1020
000C   01??           00869         CLRF    r0x1020
000D                  00870 _00224_DS_:
000D   ???? ????      00871         BANKSEL r0x1020
000F   08??           00872         MOVF    r0x1020,W
0010   07??           00873         ADDWF   r0x101F,W
0011   00??           00874         MOVWF   r0x1021
0012   08??           00875         MOVF    r0x101E,W
0013   1803           00876         BTFSC   STATUS,0
0014   3E01           00877         ADDLW   0x01
0015   00??           00878         MOVWF   r0x1022
0016   08??           00879         MOVF    r0x101D,W
0017   1803           00880         BTFSC   STATUS,0
0018   3E01           00881         ADDLW   0x01
0019   00??           00882         MOVWF   r0x1023
001A   08??           00883         MOVF    r0x1021,W
001B   00??           00884         MOVWF   STK01
001C   08??           00885         MOVF    r0x1022,W
001D   00??           00886         MOVWF   STK00
001E   08??           00887         MOVF    r0x1023,W
001F   ????           00888         PAGESEL __gptrget1
0020   2???           00889         CALL    __gptrget1
0021   ????           00890         PAGESEL $
0022   ???? ????      00891         BANKSEL r0x1024
gpasm-1.4.0 #1107 (May  9 2015) build/default   1-5-2017  21:15:55          PAGE 18


LOC    OBJECT CODE    LINE  SOURCE TEXT
  VALUE

0024   00??           00892         MOVWF   r0x1024
0025   08??           00893         MOVF    r0x1024,W
0026   1903           00894         BTFSC   STATUS,2
0027   2???           00895         GOTO    _00226_DS_
                      00896 ;       .line   206; "main.c"   TXREG=str[i];   // Add a character to the output buffer
0028   08??           00897         MOVF    r0x1024,W
0029   ???? ????      00898         BANKSEL _TXREG
002B   00??           00899         MOVWF   _TXREG
002C                  00900 _00219_DS_:
                      00901 ;       .line   207; "main.c"   while(!TXIF);   // Wait while the output buffer is full
002C   ???? ????      00902         BANKSEL _PIR1bits
002E   1E??           00903         BTFSS   _PIR1bits,4
002F   2???           00904         GOTO    _00219_DS_
                      00905 ;       .line   204; "main.c"   for(i=0; str[i] != '\0'; i++)
0030   ???? ????      00906         BANKSEL r0x1020
0032   0A??           00907         INCF    r0x1020,F
0033   2???           00908         GOTO    _00224_DS_
0034                  00909 _00226_DS_:
0034   0008           00910         RETURN  
                      00911 ; exit point of _SP_send_error
                      00912 
                      00913 ;***
                      00914 ;  pBlock Stats: dbName = C
                      00915 ;***
                      00916 ;has an exit
                      00917 ;functions called:
                      00918 ;   __gptrget1
                      00919 ;   _circBufPush
                      00920 ;   __gptrget1
                      00921 ;   _circBufPush
                      00922 ;10 compiler assigned registers:
                      00923 ;   r0x102A
                      00924 ;   STK00
                      00925 ;   r0x102B
                      00926 ;   STK01
                      00927 ;   r0x102C
                      00928 ;   r0x102D
                      00929 ;   r0x102E
                      00930 ;   r0x102F
                      00931 ;   r0x1030
                      00932 ;   r0x1031
                      00933 ;; Starting pCode block
                      00934 S_main__SP_send code
0000                  00935 _SP_send:
                      00936 ; 2 exit points
                      00937 ;       .line   192; "main.c"   void SP_send(char str[]){
0000   ???? ????      00938         BANKSEL r0x102A
0002   00??           00939         MOVWF   r0x102A
0003   08??           00940         MOVF    STK00,W
0004   00??           00941         MOVWF   r0x102B
0005   08??           00942         MOVF    STK01,W
0006   00??           00943         MOVWF   r0x102C
                      00944 ;       .line   194; "main.c"   for(i=0; str[i] != '\0'; i++)
gpasm-1.4.0 #1107 (May  9 2015) build/default   1-5-2017  21:15:55          PAGE 19


LOC    OBJECT CODE    LINE  SOURCE TEXT
  VALUE

0007   01??           00945         CLRF    r0x102D
0008                  00946 _00212_DS_:
0008   ???? ????      00947         BANKSEL r0x102D
000A   08??           00948         MOVF    r0x102D,W
000B   07??           00949         ADDWF   r0x102C,W
000C   00??           00950         MOVWF   r0x102E
000D   08??           00951         MOVF    r0x102B,W
000E   1803           00952         BTFSC   STATUS,0
000F   3E01           00953         ADDLW   0x01
0010   00??           00954         MOVWF   r0x102F
0011   08??           00955         MOVF    r0x102A,W
0012   1803           00956         BTFSC   STATUS,0
0013   3E01           00957         ADDLW   0x01
0014   00??           00958         MOVWF   r0x1030
0015   08??           00959         MOVF    r0x102E,W
0016   00??           00960         MOVWF   STK01
0017   08??           00961         MOVF    r0x102F,W
0018   00??           00962         MOVWF   STK00
0019   08??           00963         MOVF    r0x1030,W
001A   ????           00964         PAGESEL __gptrget1
001B   2???           00965         CALL    __gptrget1
001C   ????           00966         PAGESEL $
001D   ???? ????      00967         BANKSEL r0x1031
001F   00??           00968         MOVWF   r0x1031
0020   08??           00969         MOVF    r0x1031,W
0021   1903           00970         BTFSC   STATUS,2
0022   2???           00971         GOTO    _00214_DS_
                      00972 ;       .line   196; "main.c"   circBufPush(str[i]);
0023   08??           00973         MOVF    r0x1031,W
0024   ????           00974         PAGESEL _circBufPush
0025   2???           00975         CALL    _circBufPush
0026   ????           00976         PAGESEL $
                      00977 ;       .line   194; "main.c"   for(i=0; str[i] != '\0'; i++)
0027   ???? ????      00978         BANKSEL r0x102D
0029   0A??           00979         INCF    r0x102D,F
002A   2???           00980         GOTO    _00212_DS_
002B                  00981 _00214_DS_:
002B   0008           00982         RETURN  
                      00983 ; exit point of _SP_send
                      00984 
                      00985 ;***
                      00986 ;  pBlock Stats: dbName = C
                      00987 ;***
                      00988 ;has an exit
                      00989 ;functions called:
                      00990 ;   __moduint
                      00991 ;   __divuint
                      00992 ;   _circBufPush
                      00993 ;   __moduint
                      00994 ;   __divuint
                      00995 ;   _circBufPush
                      00996 ;9 compiler assigned registers:
                      00997 ;   r0x1032
gpasm-1.4.0 #1107 (May  9 2015) build/default   1-5-2017  21:15:55          PAGE 20


LOC    OBJECT CODE    LINE  SOURCE TEXT
  VALUE

                      00998 ;   STK00
                      00999 ;   r0x1033
                      01000 ;   r0x1034
                      01001 ;   STK02
                      01002 ;   STK01
                      01003 ;   r0x1035
                      01004 ;   r0x1036
                      01005 ;   r0x1037
                      01006 ;; Starting pCode block
                      01007 S_main__dec_to_ascii    code
0000                  01008 _dec_to_ascii:
                      01009 ; 2 exit points
                      01010 ;       .line   179; "main.c"   void dec_to_ascii(unsigned short dec){
0000   ???? ????      01011         BANKSEL r0x1032
0002   00??           01012         MOVWF   r0x1032
0003   08??           01013         MOVF    STK00,W
0004   00??           01014         MOVWF   r0x1033
                      01015 ;       .line   183; "main.c"   for (i = 0 ; dec != 0 || i == 0; i++)
0005   01??           01016         CLRF    r0x1034
0006                  01017 _00203_DS_:
0006   ???? ????      01018         BANKSEL r0x1033
0008   08??           01019         MOVF    r0x1033,W
0009   04??           01020         IORWF   r0x1032,W
000A   1D03           01021         BTFSS   STATUS,2
000B   2???           01022         GOTO    _00202_DS_
000C   08??           01023         MOVF    r0x1034,W
000D   1D03           01024         BTFSS   STATUS,2
000E   2???           01025         GOTO    _00205_DS_
000F                  01026 _00202_DS_:
                      01027 ;       .line   185; "main.c"   number = (dec % 10);
000F   300A           01028         MOVLW   0x0a
0010   00??           01029         MOVWF   STK02
0011   3000           01030         MOVLW   0x00
0012   00??           01031         MOVWF   STK01
0013   ???? ????      01032         BANKSEL r0x1033
0015   08??           01033         MOVF    r0x1033,W
0016   00??           01034         MOVWF   STK00
0017   08??           01035         MOVF    r0x1032,W
0018   ????           01036         PAGESEL __moduint
0019   2???           01037         CALL    __moduint
001A   ????           01038         PAGESEL $
                      01039 ;;1     MOVWF   r0x1035
001B   08??           01040         MOVF    STK00,W
                      01041 ;;1     MOVWF   r0x1036
001C   ???? ????      01042         BANKSEL r0x1037
001E   00??           01043         MOVWF   r0x1037
                      01044 ;       .line   186; "main.c"   dec /= 10;
001F   300A           01045         MOVLW   0x0a
0020   00??           01046         MOVWF   STK02
0021   3000           01047         MOVLW   0x00
0022   00??           01048         MOVWF   STK01
0023   08??           01049         MOVF    r0x1033,W
0024   00??           01050         MOVWF   STK00
gpasm-1.4.0 #1107 (May  9 2015) build/default   1-5-2017  21:15:55          PAGE 21


LOC    OBJECT CODE    LINE  SOURCE TEXT
  VALUE

0025   08??           01051         MOVF    r0x1032,W
0026   ????           01052         PAGESEL __divuint
0027   2???           01053         CALL    __divuint
0028   ????           01054         PAGESEL $
0029   ???? ????      01055         BANKSEL r0x1032
002B   00??           01056         MOVWF   r0x1032
002C   08??           01057         MOVF    STK00,W
002D   00??           01058         MOVWF   r0x1033
                      01059 ;       .line   187; "main.c"   number += 48;
002E   3030           01060         MOVLW   0x30
002F   07??           01061         ADDWF   r0x1037,F
                      01062 ;       .line   188; "main.c"   circBufPush(number);
0030   08??           01063         MOVF    r0x1037,W
0031   ????           01064         PAGESEL _circBufPush
0032   2???           01065         CALL    _circBufPush
0033   ????           01066         PAGESEL $
                      01067 ;       .line   183; "main.c"   for (i = 0 ; dec != 0 || i == 0; i++)
0034   ???? ????      01068         BANKSEL r0x1034
0036   0A??           01069         INCF    r0x1034,F
0037   2???           01070         GOTO    _00203_DS_
0038                  01071 _00205_DS_:
0038   0008           01072         RETURN  
                      01073 ; exit point of _dec_to_ascii
                      01074 
                      01075 ;***
                      01076 ;  pBlock Stats: dbName = C
                      01077 ;***
                      01078 ;has an exit
                      01079 ;functions called:
                      01080 ;   _SP_send_error
                      01081 ;   _SP_send_error
                      01082 ;7 compiler assigned registers:
                      01083 ;   r0x1025
                      01084 ;   r0x1026
                      01085 ;   r0x1027
                      01086 ;   r0x1028
                      01087 ;   r0x1029
                      01088 ;   STK01
                      01089 ;   STK00
                      01090 ;; Starting pCode block
                      01091 S_main__circBufPush     code
0000                  01092 _circBufPush:
                      01093 ; 2 exit points
                      01094 ;       .line   162; "main.c"   int circBufPush(uint8_t data){
0000   ???? ????      01095         BANKSEL r0x1025
0002   00??           01096         MOVWF   r0x1025
                      01097 ;       .line   163; "main.c"   uint8_t next = buf_head + 1;
0003   ???? ????      01098         BANKSEL _buf_head
0005   0A??           01099         INCF    _buf_head,W
0006   ???? ????      01100         BANKSEL r0x1026
0008   00??           01101         MOVWF   r0x1026
                      01102 ;;unsigned compare: left < lit(0x10=16), size=1
                      01103 ;       .line   164; "main.c"   if (next >= BUF_SIZE)
gpasm-1.4.0 #1107 (May  9 2015) build/default   1-5-2017  21:15:55          PAGE 22


LOC    OBJECT CODE    LINE  SOURCE TEXT
  VALUE

0009   3010           01104         MOVLW   0x10
                      01105 ;       .line   165; "main.c"   next = 0;
000A   02??           01106         SUBWF   r0x1026,W
                      01107 ;       .line   168; "main.c"   if (next == buf_tail){
000B   1803           01108         BTFSC   STATUS,0
000C   01??           01109         CLRF    r0x1026
000D   ???? ????      01110         BANKSEL _buf_tail
000F   08??           01111         MOVF    _buf_tail,W
0010   ???? ????      01112         BANKSEL r0x1026
0012   06??           01113         XORWF   r0x1026,W
0013   1D03           01114         BTFSS   STATUS,2
0014   2???           01115         GOTO    _00194_DS_
                      01116 ;       .line   169; "main.c"   SP_send_error(buf_err);
0015   30??           01117         MOVLW   high (_buf_err + 0)
0016   00??           01118         MOVWF   r0x1027
0017   30??           01119         MOVLW   (_buf_err + 0)
0018   00??           01120         MOVWF   r0x1028
0019   3080           01121         MOVLW   0x80
001A   00??           01122         MOVWF   r0x1029
001B   08??           01123         MOVF    r0x1028,W
001C   00??           01124         MOVWF   STK01
001D   08??           01125         MOVF    r0x1027,W
001E   00??           01126         MOVWF   STK00
001F   08??           01127         MOVF    r0x1029,W
0020   ????           01128         PAGESEL _SP_send_error
0021   2???           01129         CALL    _SP_send_error
0022   ????           01130         PAGESEL $
                      01131 ;       .line   170; "main.c"   return -1;  // quit with an error
0023   30FF           01132         MOVLW   0xff
0024   00??           01133         MOVWF   STK00
0025   30FF           01134         MOVLW   0xff
0026   2???           01135         GOTO    _00195_DS_
0027                  01136 _00194_DS_:
                      01137 ;       .line   173; "main.c"   buf[buf_head] = data;
0027   ???? ????      01138         BANKSEL _buf_head
0029   08??           01139         MOVF    _buf_head,W
002A   3E??           01140         ADDLW   (_buf + 0)
002B   ???? ????      01141         BANKSEL r0x1028
002D   00??           01142         MOVWF   r0x1028
002E   30??           01143         MOVLW   high (_buf + 0)
002F   1803           01144         BTFSC   STATUS,0
0030   3E01           01145         ADDLW   0x01
0031   00??           01146         MOVWF   r0x1027
0032   08??           01147         MOVF    r0x1028,W
0033   1283 1303      01148         BANKSEL FSR
0035   0084           01149         MOVWF   FSR
0036   1383           01150         BCF     STATUS,7
0037   ???? ????      01151         BANKSEL r0x1027
0039   18??           01152         BTFSC   r0x1027,0
003A   1783           01153         BSF     STATUS,7
003B   08??           01154         MOVF    r0x1025,W
003C   1283 1303      01155         BANKSEL INDF
003E   0080           01156         MOVWF   INDF
gpasm-1.4.0 #1107 (May  9 2015) build/default   1-5-2017  21:15:55          PAGE 23


LOC    OBJECT CODE    LINE  SOURCE TEXT
  VALUE

                      01157 ;       .line   174; "main.c"   buf_head = next;
003F   ???? ????      01158         BANKSEL r0x1026
0041   08??           01159         MOVF    r0x1026,W
0042   ???? ????      01160         BANKSEL _buf_head
0044   00??           01161         MOVWF   _buf_head
                      01162 ;       .line   175; "main.c"   TXIE = 1;       //Enables the EUSART transmit interrupt
0045   ???? ????      01163         BANKSEL _PIE1bits
0047   16??           01164         BSF     _PIE1bits,4
                      01165 ;       .line   176; "main.c"   return 0;
0048   3000           01166         MOVLW   0x00
0049   00??           01167         MOVWF   STK00
004A   3000           01168         MOVLW   0x00
004B                  01169 _00195_DS_:
004B   0008           01170         RETURN  
                      01171 ; exit point of _circBufPush
                      01172 
                      01173 
                      01174 ;       code size estimation:
                      01175 ;         365+  118 =   483 instructions ( 1202 byte)
                      01176 
                      01177         end
gpasm-1.4.0 #1107 (May  9 2015) build/default   1-5-2017  21:15:55          PAGE 24


SYMBOL TABLE
  LABEL                             VALUE

ABDEN                             00000000
ABDOVF                            00000007
ADCON0                            0000001F
ADCON1                            0000009F
ADCS0                             00000004
ADCS1                             00000005
ADCS2                             00000006
ADDEN                             00000003
ADFM                              00000007
ADIE                              00000006
ADIF                              00000006
ADON                              00000000
ADRESH                            0000001E
ADRESL                            0000009E
ANS0                              00000000
ANS1                              00000001
ANS10                             00000002
ANS11                             00000003
ANS2                              00000002
ANS3                              00000003
ANS4                              00000004
ANS5                              00000005
ANS6                              00000006
ANS7                              00000007
ANS8                              00000000
ANS9                              00000001
ANSEL                             0000011E
ANSELH                            0000011F
BAUDCTL                           0000009B
BF                                00000000
BRG0                              00000000
BRG1                              00000001
BRG10                             00000002
BRG11                             00000003
BRG12                             00000004
BRG13                             00000005
BRG14                             00000006
BRG15                             00000007
BRG16                             00000003
BRG2                              00000002
BRG3                              00000003
BRG4                              00000004
BRG5                              00000005
BRG6                              00000006
BRG7                              00000007
BRG8                              00000000
BRG9                              00000001
BRGH                              00000002
C                                 00000000
C1CH0                             00000000
C1CH1                             00000001
C1IE                              00000005
C1IF                              00000005
gpasm-1.4.0 #1107 (May  9 2015) build/default   1-5-2017  21:15:55          PAGE 25


SYMBOL TABLE
  LABEL                             VALUE 

C1OE                              00000005
C1ON                              00000007
C1OUT                             00000006
C1POL                             00000004
C1R                               00000002
C1SEN                             00000005
C1VREN                            00000007
C2CH0                             00000000
C2CH1                             00000001
C2IE                              00000006
C2IF                              00000006
C2OE                              00000005
C2ON                              00000007
C2OUT                             00000006
C2POL                             00000004
C2R                               00000002
C2REN                             00000004
C2SYNC                            00000000
C2VREN                            00000006
CCP1CON                           00000017
CCP1IE                            00000002
CCP1IF                            00000002
CCP1M0                            00000000
CCP1M1                            00000001
CCP1M2                            00000002
CCP1M3                            00000003
CCPR                              00000015
CCPR1H                            00000016
CCPR1L                            00000015
CHS0                              00000002
CHS1                              00000003
CHS2                              00000004
CHS3                              00000005
CKE                               00000006
CKP                               00000004
CM1CON0                           00000119
CM2CON0                           0000011A
CM2CON1                           0000011B
CREN                              00000004
CSRC                              00000007
D                                 00000005
DATA_ADDRESS                      00000005
DC                                00000001
DC1B0                             00000004
DC1B1                             00000005
D_A                               00000005
D_NOT_A                           00000005
ECCPAS                            0000001D
ECCPAS0                           00000004
ECCPAS1                           00000005
ECCPAS2                           00000006
ECCPASE                           00000007
EEADR                             0000010D
gpasm-1.4.0 #1107 (May  9 2015) build/default   1-5-2017  21:15:55          PAGE 26


SYMBOL TABLE
  LABEL                             VALUE 

EEADRH                            0000010F
EECON1                            0000018C
EECON2                            0000018D
EEDAT                             0000010C
EEDATA                            0000010C
EEDATH                            0000010E
EEIE                              00000004
EEIF                              00000004
EEPGD                             00000007
END_OF_INTERRUPT                  000000CA
F                                 00000001
FERR                              00000002
FSR                               00000004
GIE                               00000007
GO                                00000001
GO_DONE                           00000001
GO_NOT_DONE                       00000001
HTS                               00000002
I2C_DATA                          00000005
I2C_READ                          00000002
I2C_START                         00000003
I2C_STOP                          00000004
INDF                              00000000
INTCON                            0000000B
INTE                              00000004
INTEDG                            00000006
INTF                              00000001
IOC                               00000096
IOC0                              00000000
IOC1                              00000001
IOC2                              00000002
IOC3                              00000003
IOC4                              00000004
IOC5                              00000005
IOCA                              00000096
IOCA0                             00000000
IOCA1                             00000001
IOCA2                             00000002
IOCA3                             00000003
IOCA4                             00000004
IOCA5                             00000005
IOCB                              00000116
IOCB4                             00000004
IOCB5                             00000005
IOCB6                             00000006
IOCB7                             00000007
IRCF0                             00000004
IRCF1                             00000005
IRCF2                             00000006
IRP                               00000007
LTS                               00000001
MC1OUT                            00000007
MC2OUT                            00000006
gpasm-1.4.0 #1107 (May  9 2015) build/default   1-5-2017  21:15:55          PAGE 27


SYMBOL TABLE
  LABEL                             VALUE 

MSK                               00000093
MSK0                              00000000
MSK1                              00000001
MSK2                              00000002
MSK3                              00000003
MSK4                              00000004
MSK5                              00000005
MSK6                              00000006
MSK7                              00000007
NOT_A                             00000005
NOT_ADDRESS                       00000005
NOT_BOR                           00000000
NOT_DONE                          00000001
NOT_PD                            00000003
NOT_POR                           00000001
NOT_RABPU                         00000007
NOT_T1SYNC                        00000002
NOT_TO                            00000004
NOT_W                             00000002
NOT_WRITE                         00000002
OERR                              00000001
OPTION_REG                        00000081
OSCCON                            0000008F
OSCTUNE                           00000090
OSFIE                             00000007
OSFIF                             00000007
OSTS                              00000003
P                                 00000004
P1M0                              00000006
P1M1                              00000007
PCL                               00000002
PCLATH                            0000000A
PCON                              0000008E
PDC0                              00000000
PDC1                              00000001
PDC2                              00000002
PDC3                              00000003
PDC4                              00000004
PDC5                              00000005
PDC6                              00000006
PEIE                              00000006
PIE1                              0000008C
PIE2                              0000008D
PIR1                              0000000C
PIR2                              0000000D
PORTA                             00000005
PORTB                             00000006
PORTC                             00000007
PR2                               00000092
PRSEN                             00000007
PS0                               00000000
PS1                               00000001
PS2                               00000002
gpasm-1.4.0 #1107 (May  9 2015) build/default   1-5-2017  21:15:55          PAGE 28


SYMBOL TABLE
  LABEL                             VALUE 

PSA                               00000003
PSAVE                             00000070
PSSAC0                            00000002
PSSAC1                            00000003
PSSBD0                            00000000
PSSBD1                            00000001
PSTRCON                           0000019D
PULSR                             00000002
PULSS                             00000003
PWM1CON                           0000001C
R                                 00000002
RA0                               00000000
RA1                               00000001
RA2                               00000002
RA3                               00000003
RA4                               00000004
RA5                               00000005
RABIE                             00000003
RABIF                             00000000
RB4                               00000004
RB5                               00000005
RB6                               00000006
RB7                               00000007
RC0                               00000000
RC1                               00000001
RC2                               00000002
RC3                               00000003
RC4                               00000004
RC5                               00000005
RC6                               00000006
RC7                               00000007
RCIDL                             00000006
RCIE                              00000005
RCIF                              00000005
RCREG                             0000001A
RCSTA                             00000018
RD                                00000000
READ_WRITE                        00000002
RP0                               00000005
RP1                               00000006
RX9                               00000006
RX9D                              00000000
R_NOT_W                           00000002
R_W                               00000002
S                                 00000003
SBOREN                            00000004
SCKP                              00000004
SCS                               00000000
SENB                              00000003
SENDB                             00000003
SMP                               00000007
SPBRG                             00000099
SPBRGH                            0000009A
gpasm-1.4.0 #1107 (May  9 2015) build/default   1-5-2017  21:15:55          PAGE 29


SYMBOL TABLE
  LABEL                             VALUE 

SPEN                              00000007
SR0                               00000006
SR1                               00000007
SRCON                             0000019E
SREN                              00000005
SSAVE                             00000071
SSPADD                            00000093
SSPBUF                            00000013
SSPCON                            00000014
SSPEN                             00000005
SSPIE                             00000003
SSPIF                             00000003
SSPM0                             00000000
SSPM1                             00000001
SSPM2                             00000002
SSPM3                             00000003
SSPMSK                            00000093
SSPOV                             00000006
SSPSTAT                           00000094
STATUS                            00000003
STK00                             0000007F
STK01                             0000007E
STK02                             0000007D
STK03                             0000007C
STK04                             0000007B
STK05                             0000007A
STK06                             00000079
STK07                             00000078
STK08                             00000077
STK09                             00000076
STK10                             00000075
STK11                             00000074
STK12                             00000073
STRA                              00000000
STRB                              00000001
STRC                              00000002
STRD                              00000003
STRSYNC                           00000004
SWDTEN                            00000000
SYNC                              00000004
T0CS                              00000005
T0IE                              00000005
T0IF                              00000002
T0SE                              00000004
T1CKPS0                           00000004
T1CKPS1                           00000005
T1CON                             00000010
T1GINV                            00000007
T1GSS                             00000001
T1IE                              00000000
T1IF                              00000000
T1OSCEN                           00000003
T2CKPS0                           00000000
gpasm-1.4.0 #1107 (May  9 2015) build/default   1-5-2017  21:15:55          PAGE 30


SYMBOL TABLE
  LABEL                             VALUE 

T2CKPS1                           00000001
T2CON                             00000012
T2IE                              00000001
T2IF                              00000001
TMR0                              00000001
TMR1                              0000000E
TMR1CS                            00000001
TMR1GE                            00000006
TMR1H                             0000000F
TMR1IE                            00000000
TMR1IF                            00000000
TMR1L                             0000000E
TMR1ON                            00000000
TMR2                              00000011
TMR2IE                            00000001
TMR2IF                            00000001
TMR2ON                            00000002
TOUTPS0                           00000003
TOUTPS1                           00000004
TOUTPS2                           00000005
TOUTPS3                           00000006
TRISA                             00000085
TRISA0                            00000000
TRISA1                            00000001
TRISA2                            00000002
TRISA3                            00000003
TRISA4                            00000004
TRISA5                            00000005
TRISB                             00000086
TRISB4                            00000004
TRISB5                            00000005
TRISB6                            00000006
TRISB7                            00000007
TRISC                             00000087
TRISC0                            00000000
TRISC1                            00000001
TRISC2                            00000002
TRISC3                            00000003
TRISC4                            00000004
TRISC5                            00000005
TRISC6                            00000006
TRISC7                            00000007
TRMT                              00000001
TUN0                              00000000
TUN1                              00000001
TUN2                              00000002
TUN3                              00000003
TUN4                              00000004
TX9                               00000006
TX9D                              00000000
TXEN                              00000005
TXIE                              00000004
TXIF                              00000004
gpasm-1.4.0 #1107 (May  9 2015) build/default   1-5-2017  21:15:55          PAGE 31


SYMBOL TABLE
  LABEL                             VALUE 

TXREG                             00000019
TXSTA                             00000098
UA                                00000001
ULPWUE                            00000005
VCFG                              00000006
VP6EN                             00000004
VR0                               00000000
VR1                               00000001
VR2                               00000002
VR3                               00000003
VRCON                             00000118
VRR                               00000005
W                                 00000000
WCOL                              00000007
WDTCON                            00000097
WDTPS0                            00000001
WDTPS1                            00000002
WDTPS2                            00000003
WDTPS3                            00000004
WPU                               00000095
WPU0                              00000000
WPU1                              00000001
WPU2                              00000002
WPU4                              00000004
WPU5                              00000005
WPUA                              00000095
WPUA0                             00000000
WPUA1                             00000001
WPUA2                             00000002
WPUA4                             00000004
WPUA5                             00000005
WPUB                              00000115
WPUB4                             00000004
WPUB5                             00000005
WPUB6                             00000006
WPUB7                             00000007
WR                                00000001
WREN                              00000002
WRERR                             00000003
WSAVE                             00000072
WUE                               00000001
Z                                 00000002
_00106_DS_                        0000005D
_00108_DS_                        0000001F
_00111_DS_                        00000063
_00113_DS_                        00000088
_00114_DS_                        000000A3
_00116_DS_                        000000A6
_00119_DS_                        000000BD
_00139_DS_                        00000057
_00145_DS_                        00000035
_00150_DS_                        00000072
_00153_DS_                        0000008D
gpasm-1.4.0 #1107 (May  9 2015) build/default   1-5-2017  21:15:55          PAGE 32


SYMBOL TABLE
  LABEL                             VALUE 

_00155_DS_                        00000006
_00183_DS_                        00000012
_00184_DS_                        0000001C
_00185_DS_                        00000026
_00186_DS_                        00000030
_00194_DS_                        00000027
_00195_DS_                        0000004B
_00202_DS_                        0000000F
_00203_DS_                        00000006
_00205_DS_                        00000038
_00212_DS_                        00000008
_00214_DS_                        0000002B
_00219_DS_                        0000002C
_00224_DS_                        0000000D
_00226_DS_                        00000034
_ADCON0                           00000000
_ADCON0bits                       00000000
_ADCON1                           00000000
_ADCON1bits                       00000000
_ADRESH                           00000000
_ADRESL                           00000000
_ANSEL                            00000000
_ANSELH                           00000000
_ANSELHbits                       00000000
_ANSELbits                        00000000
_BAUDCTL                          00000000
_BAUDCTLbits                      00000000
_BOD_NSLEEP                       00003EFF
_BOD_OFF                          00003CFF
_BOD_ON                           00003FFF
_BOD_SBODEN                       00003DFF
_BOREN_NSLEEP                     00003EFF
_BOREN_OFF                        00003CFF
_BOREN_ON                         00003FFF
_BOREN_SBODEN                     00003DFF
_BOR_NSLEEP                       00003EFF
_BOR_OFF                          00003CFF
_BOR_ON                           00003FFF
_BOR_SBODEN                       00003DFF
_CCP1CON                          00000000
_CCP1CONbits                      00000000
_CCPR                             00000000
_CCPR1H                           00000000
_CCPR1L                           00000000
_CM1CON0                          00000000
_CM1CON0bits                      00000000
_CM2CON0                          00000000
_CM2CON0bits                      00000000
_CM2CON1                          00000000
_CM2CON1bits                      00000000
_CONFIG                           00002007
_CPD_OFF                          00003FFF
_CPD_ON                           00003F7F
gpasm-1.4.0 #1107 (May  9 2015) build/default   1-5-2017  21:15:55          PAGE 33


SYMBOL TABLE
  LABEL                             VALUE 

_CP_OFF                           00003FFF
_CP_ON                            00003FBF
_DEVID1                           00002006
_ECCPAS                           00000000
_ECCPASbits                       00000000
_EC_OSC                           00003FFB
_EEADR                            00000000
_EEADRH                           00000000
_EECON1                           00000000
_EECON1bits                       00000000
_EECON2                           00000000
_EEDAT                            00000000
_EEDATA                           00000000
_EEDATH                           00000000
_EXTRC                            00003FFF
_EXTRCIO                          00003FFE
_EXTRC_OSC_CLKOUT                 00003FFF
_EXTRC_OSC_NOCLKOUT               00003FFE
_FCMEN_OFF                        000037FF
_FCMEN_ON                         00003FFF
_FOSC_EC                          00003FFB
_FOSC_EXTRCCLK                    00003FFF
_FOSC_EXTRCIO                     00003FFE
_FOSC_HS                          00003FFA
_FOSC_INTRCCLK                    00003FFD
_FOSC_INTRCIO                     00003FFC
_FOSC_LP                          00003FF8
_FOSC_XT                          00003FF9
_FSR                              00000000
_HS_OSC                           00003FFA
_IDLOC0                           00002000
_IDLOC1                           00002001
_IDLOC2                           00002002
_IDLOC3                           00002003
_IESO_OFF                         00003BFF
_IESO_ON                          00003FFF
_INDF                             00000000
_INTCON                           00000000
_INTCONbits                       00000000
_INTOSC                           00003FFD
_INTOSCIO                         00003FFC
_INTRC_OSC_CLKOUT                 00003FFD
_INTRC_OSC_NOCLKOUT               00003FFC
_IOC                              00000000
_IOCA                             00000000
_IOCAbits                         00000000
_IOCB                             00000000
_IOCBbits                         00000000
_IOCbits                          00000000
_LP_OSC                           00003FF8
_MCLRE_OFF                        00003FDF
_MCLRE_ON                         00003FFF
_MSK                              00000000
gpasm-1.4.0 #1107 (May  9 2015) build/default   1-5-2017  21:15:55          PAGE 34


SYMBOL TABLE
  LABEL                             VALUE 

_MSKbits                          00000000
_OPTION_REG                       00000000
_OPTION_REGbits                   00000000
_OSCCON                           00000000
_OSCCONbits                       00000000
_OSCTUNE                          00000000
_OSCTUNEbits                      00000000
_PCL                              00000000
_PCLATH                           00000000
_PCON                             00000000
_PCONbits                         00000000
_PIE1                             00000000
_PIE1bits                         00000000
_PIE2                             00000000
_PIE2bits                         00000000
_PIR1                             00000000
_PIR1bits                         00000000
_PIR2                             00000000
_PIR2bits                         00000000
_PORTA                            00000000
_PORTAbits                        00000000
_PORTB                            00000000
_PORTBbits                        00000000
_PORTC                            00000000
_PORTCbits                        00000000
_PR2                              00000000
_PSTRCON                          00000000
_PSTRCONbits                      00000000
_PWM1CON                          00000000
_PWM1CONbits                      00000000
_PWRTE_OFF                        00003FFF
_PWRTE_ON                         00003FEF
_RCREG                            00000000
_RCSTA                            00000000
_RCSTAbits                        00000000
_SPBRG                            00000000
_SPBRGH                           00000000
_SPBRGHbits                       00000000
_SPBRGbits                        00000000
_SP_send                          00000000
_SP_send_error                    00000000
_SRCON                            00000000
_SRCONbits                        00000000
_SSPADD                           00000000
_SSPBUF                           00000000
_SSPCON                           00000000
_SSPCONbits                       00000000
_SSPMSK                           00000000
_SSPMSKbits                       00000000
_SSPSTAT                          00000000
_SSPSTATbits                      00000000
_STATUS                           00000000
_STATUSbits                       00000000
gpasm-1.4.0 #1107 (May  9 2015) build/default   1-5-2017  21:15:55          PAGE 35


SYMBOL TABLE
  LABEL                             VALUE 

_S_main__SP_send_001C             0000001C
_S_main__SP_send_0026             00000026
_S_main__SP_send_error_0021       00000021
_S_main__circBufPush_0022         00000022
_S_main__dec_to_ascii_001A        0000001A
_S_main__dec_to_ascii_0028        00000028
_S_main__dec_to_ascii_0033        00000033
_S_main__main_0002                00000002
_S_main__main_0046                00000046
_S_main__main_0056                00000056
_S_main__main_005E                0000005E
_S_main__main_006E                0000006E
_T1CON                            00000000
_T1CONbits                        00000000
_T2CON                            00000000
_T2CONbits                        00000000
_TMR0                             00000000
_TMR1                             00000000
_TMR1H                            00000000
_TMR1L                            00000000
_TMR2                             00000000
_TRISA                            00000000
_TRISAbits                        00000000
_TRISB                            00000000
_TRISBbits                        00000000
_TRISC                            00000000
_TRISCbits                        00000000
_TXREG                            00000000
_TXSTA                            00000000
_TXSTAbits                        00000000
_VRCON                            00000000
_VRCONbits                        00000000
_WDTCON                           00000000
_WDTCONbits                       00000000
_WDTE_OFF                         00003FF7
_WDTE_ON                          00003FFF
_WDT_OFF                          00003FF7
_WDT_ON                           00003FFF
_WPU                              00000000
_WPUA                             00000000
_WPUAbits                         00000000
_WPUB                             00000000
_WPUBbits                         00000000
_WPUbits                          00000000
_XT_OSC                           00003FF9
__16F690                          00000001
__CODE_END                        00000FFF
__CODE_START                      00000000
__COMMON_RAM_END                  0000007F
__COMMON_RAM_START                00000070
__EEPROM_END                      000021FF
__EEPROM_START                    00002100
__VECTOR_INT                      00000004
gpasm-1.4.0 #1107 (May  9 2015) build/default   1-5-2017  21:15:55          PAGE 36


SYMBOL TABLE
  LABEL                             VALUE 

__VECTOR_RESET                    00000000
___sdcc_saved_fsr                 00000000
__divuint                         00000000
__gptrget1                        00000000
__moduint                         00000000
__sdcc_gsinit_startup             00000000
__sdcc_interrupt                  00000004
_bitfield                         00000000
_buf                              00000000
_buf_err                          00000000
_buf_head                         00000000
_buf_tail                         00000000
_c_interrupt_00BC                 000000BC
_circBufPush                      00000000
_dec_to_ascii                     00000000
_enter                            00000000
_init                             00000000
_int_err                          00000000
_int_error_cnt                    00000000
_main                             00000000
_receive_intr                     00000004
_strV0                            00000000
_strV1                            00000000
_strVF                            00000000
_strt                             00000000
_strt1                            00000000
_strw                             00000000
_strw1                            00000000
_sync                             00000000
_t                                00000000
_t1                               00000000
_tab                              00000000
_w                                00000000
_w1                               00000000
r0x101D                           0000001A
r0x101E                           00000019
r0x101F                           00000018
r0x1020                           0000001B
r0x1021                           0000001C
r0x1022                           0000001D
r0x1023                           0000001E
r0x1024                           0000001F
r0x1025                           00000007
r0x1026                           00000008
r0x1027                           0000000A
r0x1028                           00000009
r0x1029                           0000000B
r0x102A                           00000012
r0x102B                           00000011
r0x102C                           00000010
r0x102D                           00000013
r0x102E                           00000014
r0x102F                           00000015
gpasm-1.4.0 #1107 (May  9 2015) build/default   1-5-2017  21:15:55          PAGE 37


SYMBOL TABLE
  LABEL                             VALUE 

r0x1030                           00000016
r0x1031                           00000017
r0x1032                           0000000D
r0x1033                           0000000C
r0x1034                           0000000E
r0x1037                           0000000F
r0x1038                           00000003
r0x1039                           00000005
r0x103A                           00000004
r0x103B                           00000006
r0x103C                           00000000
r0x103D                           00000001
r0x103E                           00000002

Errors   :     0
Warnings :     0 reported,     0 suppressed
Messages :     0 reported,     0 suppressed

