gpasm-1.4.0 #1107 (May  9 2015) build/default   1-12-2017  22:09:04         PAGE  1


LOC    OBJECT CODE    LINE  SOURCE TEXT
  VALUE

                      00001 ;--------------------------------------------------------
                      00002 ; File Created by SDCC : free open source ANSI-C Compiler
                      00003 ; Version 3.6.0 #9615 (Linux)
                      00004 ;--------------------------------------------------------
                      00005 ; PIC port for the 14-bit core
                      00006 ;--------------------------------------------------------
                      00007 ;       .file   "main.c"
                      00008         list    p=16f690
                      00009         radix dec
                      00010         include "p16f690.inc"
                      00001         LIST
                      00002 
                      00003 ;==========================================================================
                      00004 ; Build date : Aug 07 2014
                      00005 ;  MPASM PIC16F690 processor include
                      00006 ; 
                      00007 ;  (c) Copyright 1999-2014 Microchip Technology, All rights reserved
                      00008 ;==========================================================================
                      00009 
                      00757         LIST
                      00011 ;--------------------------------------------------------
                      00012 ; config word(s)
                      00013 ;--------------------------------------------------------
2007   0000           00014         __config 0x3fd4
                      00015 ;--------------------------------------------------------
                      00016 ; external declarations
                      00017 ;--------------------------------------------------------
  0000                00018         extern  _init
  0000                00019         extern  _dec_to_ascii_buf
  0000                00020         extern  _SP_send_buf
  0000                00021         extern  _SP_send
  0000                00022         extern  _uint8_send
  0000                00023         extern  _STATUSbits
  0000                00024         extern  _PORTAbits
  0000                00025         extern  _PORTBbits
  0000                00026         extern  _PORTCbits
  0000                00027         extern  _INTCONbits
  0000                00028         extern  _PIR1bits
  0000                00029         extern  _PIR2bits
  0000                00030         extern  _T1CONbits
  0000                00031         extern  _T2CONbits
  0000                00032         extern  _SSPCONbits
  0000                00033         extern  _CCP1CONbits
  0000                00034         extern  _RCSTAbits
  0000                00035         extern  _PWM1CONbits
  0000                00036         extern  _ECCPASbits
  0000                00037         extern  _ADCON0bits
  0000                00038         extern  _OPTION_REGbits
  0000                00039         extern  _TRISAbits
  0000                00040         extern  _TRISBbits
  0000                00041         extern  _TRISCbits
  0000                00042         extern  _PIE1bits
  0000                00043         extern  _PIE2bits
gpasm-1.4.0 #1107 (May  9 2015) build/default   1-12-2017  22:09:04         PAGE  2


LOC    OBJECT CODE    LINE  SOURCE TEXT
  VALUE

  0000                00044         extern  _PCONbits
  0000                00045         extern  _OSCCONbits
  0000                00046         extern  _OSCTUNEbits
  0000                00047         extern  _MSKbits
  0000                00048         extern  _SSPMSKbits
  0000                00049         extern  _SSPSTATbits
  0000                00050         extern  _WPUbits
  0000                00051         extern  _WPUAbits
  0000                00052         extern  _IOCbits
  0000                00053         extern  _IOCAbits
  0000                00054         extern  _WDTCONbits
  0000                00055         extern  _TXSTAbits
  0000                00056         extern  _SPBRGbits
  0000                00057         extern  _SPBRGHbits
  0000                00058         extern  _BAUDCTLbits
  0000                00059         extern  _ADCON1bits
  0000                00060         extern  _WPUBbits
  0000                00061         extern  _IOCBbits
  0000                00062         extern  _VRCONbits
  0000                00063         extern  _CM1CON0bits
  0000                00064         extern  _CM2CON0bits
  0000                00065         extern  _CM2CON1bits
  0000                00066         extern  _ANSELbits
  0000                00067         extern  _ANSELHbits
  0000                00068         extern  _EECON1bits
  0000                00069         extern  _PSTRCONbits
  0000                00070         extern  _SRCONbits
  0000                00071         extern  _INDF
  0000                00072         extern  _TMR0
  0000                00073         extern  _PCL
  0000                00074         extern  _STATUS
  0000                00075         extern  _FSR
  0000                00076         extern  _PORTA
  0000                00077         extern  _PORTB
  0000                00078         extern  _PORTC
  0000                00079         extern  _PCLATH
  0000                00080         extern  _INTCON
  0000                00081         extern  _PIR1
  0000                00082         extern  _PIR2
  0000                00083         extern  _TMR1
  0000                00084         extern  _TMR1L
  0000                00085         extern  _TMR1H
  0000                00086         extern  _T1CON
  0000                00087         extern  _TMR2
  0000                00088         extern  _T2CON
  0000                00089         extern  _SSPBUF
  0000                00090         extern  _SSPCON
  0000                00091         extern  _CCPR
  0000                00092         extern  _CCPR1L
  0000                00093         extern  _CCPR1H
  0000                00094         extern  _CCP1CON
  0000                00095         extern  _RCSTA
  0000                00096         extern  _TXREG
gpasm-1.4.0 #1107 (May  9 2015) build/default   1-12-2017  22:09:04         PAGE  3


LOC    OBJECT CODE    LINE  SOURCE TEXT
  VALUE

  0000                00097         extern  _RCREG
  0000                00098         extern  _PWM1CON
  0000                00099         extern  _ECCPAS
  0000                00100         extern  _ADRESH
  0000                00101         extern  _ADCON0
  0000                00102         extern  _OPTION_REG
  0000                00103         extern  _TRISA
  0000                00104         extern  _TRISB
  0000                00105         extern  _TRISC
  0000                00106         extern  _PIE1
  0000                00107         extern  _PIE2
  0000                00108         extern  _PCON
  0000                00109         extern  _OSCCON
  0000                00110         extern  _OSCTUNE
  0000                00111         extern  _PR2
  0000                00112         extern  _MSK
  0000                00113         extern  _SSPADD
  0000                00114         extern  _SSPMSK
  0000                00115         extern  _SSPSTAT
  0000                00116         extern  _WPU
  0000                00117         extern  _WPUA
  0000                00118         extern  _IOC
  0000                00119         extern  _IOCA
  0000                00120         extern  _WDTCON
  0000                00121         extern  _TXSTA
  0000                00122         extern  _SPBRG
  0000                00123         extern  _SPBRGH
  0000                00124         extern  _BAUDCTL
  0000                00125         extern  _ADRESL
  0000                00126         extern  _ADCON1
  0000                00127         extern  _EEDAT
  0000                00128         extern  _EEDATA
  0000                00129         extern  _EEADR
  0000                00130         extern  _EEDATH
  0000                00131         extern  _EEADRH
  0000                00132         extern  _WPUB
  0000                00133         extern  _IOCB
  0000                00134         extern  _VRCON
  0000                00135         extern  _CM1CON0
  0000                00136         extern  _CM2CON0
  0000                00137         extern  _CM2CON1
  0000                00138         extern  _ANSEL
  0000                00139         extern  _ANSELH
  0000                00140         extern  _EECON1
  0000                00141         extern  _EECON2
  0000                00142         extern  _PSTRCON
  0000                00143         extern  _SRCON
  0000                00144         extern  ___sdcc_saved_fsr
  0000                00145         extern  __sdcc_gsinit_startup
                      00146 ;--------------------------------------------------------
                      00147 ; global declarations
                      00148 ;--------------------------------------------------------
  0000                00149         global  _circBufPush
gpasm-1.4.0 #1107 (May  9 2015) build/default   1-12-2017  22:09:04         PAGE  4


LOC    OBJECT CODE    LINE  SOURCE TEXT
  VALUE

  0000                00150         global  _receive_intr
  0000                00151         global  _main
  0000                00152         global  _bitfield
  0000                00153         global  _w
  0000                00154         global  _t
  0000                00155         global  _w1
  0000                00156         global  _t1
  0000                00157         global  _buf
  0000                00158         global  _buf_head
  0000                00159         global  _buf_tail
  0000                00160         global  _int_error_cnt
  0000                00161         global  _strV0
  0000                00162         global  _strV1
  0000                00163         global  _strVF
  0000                00164         global  _strw
  0000                00165         global  _strt
  0000                00166         global  _strw1
  0000                00167         global  _strt1
  0000                00168         global  _tab
  0000                00169         global  _enter
  0000                00170         global  _sync
  0000                00171         global  _int_err
  0000                00172         global  _buf_err
  0000                00173         global  _pir1
  0000                00174         global  _pir2
  0000                00175         global  _pie1
  0000                00176         global  _pie2
  0000                00177         global  _tim0_owf
                      00178 
  0000                00179         global PSAVE
  0000                00180         global SSAVE
  0000                00181         global WSAVE
  0000                00182         global STK12
  0000                00183         global STK11
  0000                00184         global STK10
  0000                00185         global STK09
  0000                00186         global STK08
  0000                00187         global STK07
  0000                00188         global STK06
  0000                00189         global STK05
  0000                00190         global STK04
  0000                00191         global STK03
  0000                00192         global STK02
  0000                00193         global STK01
  0000                00194         global STK00
                      00195 
                      00196 sharebank udata_ovr 0x0070
0070                  00197 PSAVE   res 1
0071                  00198 SSAVE   res 1
0072                  00199 WSAVE   res 1
0073                  00200 STK12   res 1
0074                  00201 STK11   res 1
0075                  00202 STK10   res 1
gpasm-1.4.0 #1107 (May  9 2015) build/default   1-12-2017  22:09:04         PAGE  5


LOC    OBJECT CODE    LINE  SOURCE TEXT
  VALUE

0076                  00203 STK09   res 1
0077                  00204 STK08   res 1
0078                  00205 STK07   res 1
0079                  00206 STK06   res 1
007A                  00207 STK05   res 1
007B                  00208 STK04   res 1
007C                  00209 STK03   res 1
007D                  00210 STK02   res 1
007E                  00211 STK01   res 1
007F                  00212 STK00   res 1
                      00213 
                      00214 ;--------------------------------------------------------
                      00215 ; global definitions
                      00216 ;--------------------------------------------------------
                      00217 UD_main_0       udata
0000                  00218 _bitfield       res     1
                      00219 
                      00220 UD_main_1       udata
0000                  00221 _buf    res     16
                      00222 
                      00223 ;--------------------------------------------------------
                      00224 ; absolute symbol definitions
                      00225 ;--------------------------------------------------------
                      00226 ;--------------------------------------------------------
                      00227 ; compiler-defined variables
                      00228 ;--------------------------------------------------------
                      00229 UDL_main_0      udata
0000                  00230 r0x1026 res     1
0001                  00231 r0x1027 res     1
0002                  00232 r0x1022 res     1
0003                  00233 r0x1024 res     1
0004                  00234 r0x1023 res     1
0005                  00235 r0x1025 res     1
0006                  00236 r0x101D res     1
0007                  00237 r0x101E res     1
0008                  00238 r0x1020 res     1
0009                  00239 r0x101F res     1
000A                  00240 r0x1021 res     1
                      00241 ;--------------------------------------------------------
                      00242 ; initialized data
                      00243 ;--------------------------------------------------------
                      00244 
                      00245 ID_main_0       idata
0000                  00246 _w
0000   00 00          00247         db      0x00, 0x00
                      00248 
                      00249 
                      00250 ID_main_1       idata
0000                  00251 _t
0000   00 00          00252         db      0x00, 0x00
                      00253 
                      00254 
                      00255 ID_main_2       idata
gpasm-1.4.0 #1107 (May  9 2015) build/default   1-12-2017  22:09:04         PAGE  6


LOC    OBJECT CODE    LINE  SOURCE TEXT
  VALUE

0000                  00256 _w1
0000   00 00          00257         db      0x00, 0x00
                      00258 
                      00259 
                      00260 ID_main_3       idata
0000                  00261 _t1
0000   00 00          00262         db      0x00, 0x00
                      00263 
                      00264 
                      00265 ID_main_4       idata
0000                  00266 _buf_head
0000   00             00267         db      0x00
                      00268 
                      00269 
                      00270 ID_main_5       idata
0000                  00271 _buf_tail
0000   00             00272         db      0x00
                      00273 
                      00274 
                      00275 ID_main_6       idata
0000                  00276 _int_error_cnt
0000   00             00277         db      0x00
                      00278 
                      00279 
                      00280 ID_main_7       code
0000                  00281 _strV0
0000   3430           00282         retlw 0x30
0001   3420           00283         retlw 0x20
0002   340A           00284         retlw 0x0a
0003   3400           00285         retlw 0x00
                      00286 
                      00287 
                      00288 ID_main_8       code
0000                  00289 _strV1
0000   3431           00290         retlw 0x31
0001   3420           00291         retlw 0x20
0002   340A           00292         retlw 0x0a
0003   3400           00293         retlw 0x00
                      00294 
                      00295 
                      00296 ID_main_9       code
0000                  00297 _strVF
0000   3446           00298         retlw 0x46
0001   3420           00299         retlw 0x20
0002   340A           00300         retlw 0x0a
0003   3400           00301         retlw 0x00
                      00302 
                      00303 
                      00304 ID_main_10      code
0000                  00305 _strw
0000   3477           00306         retlw 0x77
0001   343A           00307         retlw 0x3a
0002   3420           00308         retlw 0x20
gpasm-1.4.0 #1107 (May  9 2015) build/default   1-12-2017  22:09:04         PAGE  7


LOC    OBJECT CODE    LINE  SOURCE TEXT
  VALUE

0003   3400           00309         retlw 0x00
                      00310 
                      00311 
                      00312 ID_main_11      code
0000                  00313 _strt
0000   3474           00314         retlw 0x74
0001   343A           00315         retlw 0x3a
0002   3420           00316         retlw 0x20
0003   3400           00317         retlw 0x00
                      00318 
                      00319 
                      00320 ID_main_12      code
0000                  00321 _strw1
0000   3477           00322         retlw 0x77
0001   3431           00323         retlw 0x31
0002   343A           00324         retlw 0x3a
0003   3420           00325         retlw 0x20
0004   3400           00326         retlw 0x00
                      00327 
                      00328 
                      00329 ID_main_13      code
0000                  00330 _strt1
0000   3474           00331         retlw 0x74
0001   3431           00332         retlw 0x31
0002   343A           00333         retlw 0x3a
0003   3420           00334         retlw 0x20
0004   3400           00335         retlw 0x00
                      00336 
                      00337 
                      00338 ID_main_14      code
0000                  00339 _tab
0000   3409           00340         retlw 0x09
0001   3400           00341         retlw 0x00
                      00342 
                      00343 
                      00344 ID_main_15      code
0000                  00345 _enter
0000   340A           00346         retlw 0x0a
0001   3400           00347         retlw 0x00
                      00348 
                      00349 
                      00350 ID_main_16      code
0000                  00351 _sync
0000   3453           00352         retlw 0x53
0001   3459           00353         retlw 0x59
0002   344E           00354         retlw 0x4e
0003   3443           00355         retlw 0x43
0004   340A           00356         retlw 0x0a
0005   3400           00357         retlw 0x00
                      00358 
                      00359 
                      00360 ID_main_17      code
0000                  00361 _int_err
gpasm-1.4.0 #1107 (May  9 2015) build/default   1-12-2017  22:09:04         PAGE  8


LOC    OBJECT CODE    LINE  SOURCE TEXT
  VALUE

0000   3449           00362         retlw 0x49
0001   344E           00363         retlw 0x4e
0002   3454           00364         retlw 0x54
0003   3420           00365         retlw 0x20
0004   3445           00366         retlw 0x45
0005   3452           00367         retlw 0x52
0006   3452           00368         retlw 0x52
0007   340A           00369         retlw 0x0a
0008   3400           00370         retlw 0x00
                      00371 
                      00372 
                      00373 ID_main_18      code
0000                  00374 _buf_err
0000   3442           00375         retlw 0x42
0001   3455           00376         retlw 0x55
0002   3446           00377         retlw 0x46
0003   3446           00378         retlw 0x46
0004   3445           00379         retlw 0x45
0005   3452           00380         retlw 0x52
0006   3420           00381         retlw 0x20
0007   344F           00382         retlw 0x4f
0008   3457           00383         retlw 0x57
0009   3445           00384         retlw 0x45
000A   3452           00385         retlw 0x52
000B   3446           00386         retlw 0x46
000C   344C           00387         retlw 0x4c
000D   344F           00388         retlw 0x4f
000E   3457           00389         retlw 0x57
000F   340A           00390         retlw 0x0a
0010   3400           00391         retlw 0x00
                      00392 
                      00393 
                      00394 ID_main_19      code
0000                  00395 _pir1
0000   3450           00396         retlw 0x50
0001   3449           00397         retlw 0x49
0002   3452           00398         retlw 0x52
0003   3431           00399         retlw 0x31
0004   343A           00400         retlw 0x3a
0005   3420           00401         retlw 0x20
0006   3400           00402         retlw 0x00
                      00403 
                      00404 
                      00405 ID_main_20      code
0000                  00406 _pir2
0000   3450           00407         retlw 0x50
0001   3449           00408         retlw 0x49
0002   3452           00409         retlw 0x52
0003   3432           00410         retlw 0x32
0004   343A           00411         retlw 0x3a
0005   3420           00412         retlw 0x20
0006   3400           00413         retlw 0x00
                      00414 
gpasm-1.4.0 #1107 (May  9 2015) build/default   1-12-2017  22:09:04         PAGE  9


LOC    OBJECT CODE    LINE  SOURCE TEXT
  VALUE

                      00415 
                      00416 ID_main_21      code
0000                  00417 _pie1
0000   3450           00418         retlw 0x50
0001   3449           00419         retlw 0x49
0002   3445           00420         retlw 0x45
0003   3431           00421         retlw 0x31
0004   343A           00422         retlw 0x3a
0005   3420           00423         retlw 0x20
0006   3400           00424         retlw 0x00
                      00425 
                      00426 
                      00427 ID_main_22      code
0000                  00428 _pie2
0000   3450           00429         retlw 0x50
0001   3449           00430         retlw 0x49
0002   3445           00431         retlw 0x45
0003   3432           00432         retlw 0x32
0004   343A           00433         retlw 0x3a
0005   3420           00434         retlw 0x20
0006   3400           00435         retlw 0x00
                      00436 
                      00437 
                      00438 ID_main_23      code
0000                  00439 _tim0_owf
0000   3454           00440         retlw 0x54
0001   3449           00441         retlw 0x49
0002   344D           00442         retlw 0x4d
0003   3430           00443         retlw 0x30
0004   3420           00444         retlw 0x20
0005   344F           00445         retlw 0x4f
0006   3457           00446         retlw 0x57
0007   3446           00447         retlw 0x46
0008   340A           00448         retlw 0x0a
0009   3400           00449         retlw 0x00
                      00450 
                      00451 ;--------------------------------------------------------
                      00452 ; overlayable items in internal ram 
                      00453 ;--------------------------------------------------------
                      00454 ;       udata_ovr
                      00455 ;--------------------------------------------------------
                      00456 ; reset vector 
                      00457 ;--------------------------------------------------------
                      00458 STARTUP code 0x0000
0000   0000           00459         nop
0001   ????           00460         pagesel __sdcc_gsinit_startup
0002   2???           00461         goto    __sdcc_gsinit_startup
                      00462 ;--------------------------------------------------------
                      00463 ; interrupt and initialization code
                      00464 ;--------------------------------------------------------
                      00465 c_interrupt     code    0x0004
0004                  00466 __sdcc_interrupt:
                      00467 ;***
gpasm-1.4.0 #1107 (May  9 2015) build/default   1-12-2017  22:09:04         PAGE 10


LOC    OBJECT CODE    LINE  SOURCE TEXT
  VALUE

                      00468 ;  pBlock Stats: dbName = I
                      00469 ;***
                      00470 ;2 compiler assigned registers:
                      00471 ;   r0x1026
                      00472 ;   r0x1027
                      00473 ;; Starting pCode block
0004                  00474 _receive_intr:
                      00475 ; 0 exit points
                      00476 ;       .line   94; "main.c"    void receive_intr() __interrupt 0 {
0004   00??           00477         MOVWF   WSAVE
0005   0E03           00478         SWAPF   STATUS,W
0006   0183           00479         CLRF    STATUS
0007   00??           00480         MOVWF   SSAVE
0008   080A           00481         MOVF    PCLATH,W
0009   018A           00482         CLRF    PCLATH
000A   00??           00483         MOVWF   PSAVE
000B   0804           00484         MOVF    FSR,W
000C   ???? ????      00485         BANKSEL ___sdcc_saved_fsr
000E   00??           00486         MOVWF   ___sdcc_saved_fsr
                      00487 ;       .line   96; "main.c"    if(T0IF){
000F   ???? ????      00488         BANKSEL _INTCONbits
0011   1D??           00489         BTFSS   _INTCONbits,2
0012   2???           00490         GOTO    _00106_DS_
                      00491 ;       .line   97; "main.c"    T0IF = 0;
0013   11??           00492         BCF     _INTCONbits,2
                      00493 ;       .line   98; "main.c"    TMR0 = 0;       // Enable timer
0014   01??           00494         CLRF    _TMR0
0015                  00495 _00106_DS_:
                      00496 ;       .line   100; "main.c"   if(TXIF){
0015   ???? ????      00497         BANKSEL _PIR1bits
0017   1E??           00498         BTFSS   _PIR1bits,4
0018   2???           00499         GOTO    _00113_DS_
                      00500 ;       .line   102; "main.c"   if (buf_head == buf_tail){
0019   ???? ????      00501         BANKSEL _buf_tail
001B   08??           00502         MOVF    _buf_tail,W
001C   ???? ????      00503         BANKSEL _buf_head
001E   06??           00504         XORWF   _buf_head,W
001F   1D03           00505         BTFSS   STATUS,2
0020   2???           00506         GOTO    _00110_DS_
                      00507 ;       .line   103; "main.c"   TXIE = 0;
0021   ???? ????      00508         BANKSEL _PIE1bits
0023   12??           00509         BCF     _PIE1bits,4
0024   2???           00510         GOTO    _00113_DS_
0025                  00511 _00110_DS_:
                      00512 ;       .line   109; "main.c"   TXREG = buf[buf_tail];
0025   ???? ????      00513         BANKSEL _buf_tail
0027   08??           00514         MOVF    _buf_tail,W
0028   3E??           00515         ADDLW   (_buf + 0)
0029   ???? ????      00516         BANKSEL r0x1026
002B   00??           00517         MOVWF   r0x1026
002C   30??           00518         MOVLW   high (_buf + 0)
002D   1803           00519         BTFSC   STATUS,0
002E   3E01           00520         ADDLW   0x01
gpasm-1.4.0 #1107 (May  9 2015) build/default   1-12-2017  22:09:04         PAGE 11


LOC    OBJECT CODE    LINE  SOURCE TEXT
  VALUE

002F   00??           00521         MOVWF   r0x1027
0030   08??           00522         MOVF    r0x1026,W
0031   1283 1303      00523         BANKSEL FSR
0033   0084           00524         MOVWF   FSR
0034   1383           00525         BCF     STATUS,7
0035   ???? ????      00526         BANKSEL r0x1027
0037   18??           00527         BTFSC   r0x1027,0
0038   1783           00528         BSF     STATUS,7
0039   1283 1303      00529         BANKSEL INDF
003B   0800           00530         MOVF    INDF,W
003C   00??           00531         MOVWF   _TXREG
                      00532 ;       .line   110; "main.c"   buf[buf_tail] = 0;  // clear the data (optional)
003D   ???? ????      00533         BANKSEL r0x1026
003F   08??           00534         MOVF    r0x1026,W
0040   1283 1303      00535         BANKSEL FSR
0042   0084           00536         MOVWF   FSR
0043   1383           00537         BCF     STATUS,7
0044   ???? ????      00538         BANKSEL r0x1027
0046   18??           00539         BTFSC   r0x1027,0
0047   1783           00540         BSF     STATUS,7
0048   3000           00541         MOVLW   0x00
0049   1283 1303      00542         BANKSEL INDF
004B   0080           00543         MOVWF   INDF
                      00544 ;       .line   112; "main.c"   next = buf_tail + 1;
004C   ???? ????      00545         BANKSEL _buf_tail
004E   08??           00546         MOVF    _buf_tail,W
004F   ???? ????      00547         BANKSEL r0x1026
0051   00??           00548         MOVWF   r0x1026
0052   01??           00549         CLRF    r0x1027
0053   0A??           00550         INCF    r0x1026,F
0054   1903           00551         BTFSC   STATUS,2
0055   0A??           00552         INCF    r0x1027,F
                      00553 ;;signed compare: left < lit(0x10=16), size=2, mask=ffff
                      00554 ;       .line   113; "main.c"   if(next >= BUF_SIZE)
0056   08??           00555         MOVF    r0x1027,W
0057   3E80           00556         ADDLW   0x80
0058   3E80           00557         ADDLW   0x80
0059   1D03           00558         BTFSS   STATUS,2
005A   2???           00559         GOTO    _00139_DS_
005B   3010           00560         MOVLW   0x10
005C   02??           00561         SUBWF   r0x1026,W
005D                  00562 _00139_DS_:
005D   1C03           00563         BTFSS   STATUS,0
005E   2???           00564         GOTO    _00108_DS_
                      00565 ;;genSkipc:3257: created from rifx:0x7ffebfd704b0
                      00566 ;       .line   114; "main.c"   next = 0;
005F   ???? ????      00567         BANKSEL r0x1026
0061   01??           00568         CLRF    r0x1026
0062   01??           00569         CLRF    r0x1027
0063                  00570 _00108_DS_:
                      00571 ;       .line   116; "main.c"   buf_tail = next;
0063   ???? ????      00572         BANKSEL r0x1026
0065   08??           00573         MOVF    r0x1026,W
gpasm-1.4.0 #1107 (May  9 2015) build/default   1-12-2017  22:09:04         PAGE 12


LOC    OBJECT CODE    LINE  SOURCE TEXT
  VALUE

0066   ???? ????      00574         BANKSEL _buf_tail
0068   00??           00575         MOVWF   _buf_tail
0069                  00576 _00113_DS_:
                      00577 ;       .line   120; "main.c"   if(CCP1IF){
0069   ???? ????      00578         BANKSEL _PIR1bits
006B   1D??           00579         BTFSS   _PIR1bits,2
006C   2???           00580         GOTO    _00118_DS_
                      00581 ;       .line   121; "main.c"   CCP1IE = FALSE;
006D   ???? ????      00582         BANKSEL _PIE1bits
006F   11??           00583         BCF     _PIE1bits,2
                      00584 ;       .line   122; "main.c"   if(CCP1M0){                     // if ECCP mode is Rising edge CCP1M0
0070   ???? ????      00585         BANKSEL _CCP1CONbits
0072   1C??           00586         BTFSS   _CCP1CONbits,0
0073   2???           00587         GOTO    _00115_DS_
                      00588 ;       .line   123; "main.c"   CCP1M0 = FALING;                 // set falling edge
0074   10??           00589         BCF     _CCP1CONbits,0
                      00590 ;       .line   124; "main.c"   TMR1H = 0;
0075   01??           00591         CLRF    _TMR1H
                      00592 ;       .line   125; "main.c"   TMR1L = 0;
0076   01??           00593         CLRF    _TMR1L
                      00594 ;       .line   127; "main.c"   t = 0x0000 | CCPR1H;        //ECCP result higher 8 bits
0077   08??           00595         MOVF    _CCPR1H,W
0078   ???? ????      00596         BANKSEL r0x1026
007A   00??           00597         MOVWF   r0x1026
007B   ???? ????      00598         BANKSEL _t
007D   00??           00599         MOVWF   _t
007E   01??           00600         CLRF    (_t + 1)
                      00601 ;       .line   128; "main.c"   t = t << 8;
007F   08??           00602         MOVF    _t,W
0080   00??           00603         MOVWF   (_t + 1)
0081   01??           00604         CLRF    _t
                      00605 ;       .line   129; "main.c"   t = t | CCPR1L;             //ECCP combined 16 bit number formation
0082   ???? ????      00606         BANKSEL _CCPR1L
0084   08??           00607         MOVF    _CCPR1L,W
0085   ???? ????      00608         BANKSEL r0x1026
0087   00??           00609         MOVWF   r0x1026
0088   01??           00610         CLRF    r0x1027
0089   08??           00611         MOVF    r0x1026,W
008A   ???? ????      00612         BANKSEL _t
008C   04??           00613         IORWF   _t,F
008D   3000           00614         MOVLW   0x00
008E   04??           00615         IORWF   (_t + 1),F
                      00616 ;       .line   130; "main.c"   bitfield.Capture = TRUE;
008F   ???? ????      00617         BANKSEL _bitfield
0091   14??           00618         BSF     _bitfield,0
0092   2???           00619         GOTO    _00116_DS_
0093                  00620 _00115_DS_:
                      00621 ;       .line   133; "main.c"   CCP1M0 = RISING;
0093   ???? ????      00622         BANKSEL _CCP1CONbits
0095   14??           00623         BSF     _CCP1CONbits,0
                      00624 ;       .line   134; "main.c"   w = 0x0000 | CCPR1H;        //ECCP result higher 8 bits
0096   08??           00625         MOVF    _CCPR1H,W
0097   ???? ????      00626         BANKSEL r0x1026
gpasm-1.4.0 #1107 (May  9 2015) build/default   1-12-2017  22:09:04         PAGE 13


LOC    OBJECT CODE    LINE  SOURCE TEXT
  VALUE

0099   00??           00627         MOVWF   r0x1026
009A   ???? ????      00628         BANKSEL _w
009C   00??           00629         MOVWF   _w
009D   01??           00630         CLRF    (_w + 1)
                      00631 ;       .line   135; "main.c"   w = w << 8;
009E   08??           00632         MOVF    _w,W
009F   00??           00633         MOVWF   (_w + 1)
00A0   01??           00634         CLRF    _w
                      00635 ;       .line   136; "main.c"   w = w | CCPR1L;             //ECCP combined 16 bit number formation
00A1   ???? ????      00636         BANKSEL _CCPR1L
00A3   08??           00637         MOVF    _CCPR1L,W
00A4   ???? ????      00638         BANKSEL r0x1026
00A6   00??           00639         MOVWF   r0x1026
00A7   01??           00640         CLRF    r0x1027
00A8   08??           00641         MOVF    r0x1026,W
00A9   ???? ????      00642         BANKSEL _w
00AB   04??           00643         IORWF   _w,F
00AC   3000           00644         MOVLW   0x00
00AD   04??           00645         IORWF   (_w + 1),F
00AE                  00646 _00116_DS_:
                      00647 ;       .line   138; "main.c"   CCP1IE = 1;
00AE   ???? ????      00648         BANKSEL _PIE1bits
00B0   15??           00649         BSF     _PIE1bits,2
                      00650 ;       .line   139; "main.c"   CCP1IF = 0;                     //Clear interrupt flag
00B1   ???? ????      00651         BANKSEL _PIR1bits
00B3   11??           00652         BCF     _PIR1bits,2
00B4                  00653 _00118_DS_:
                      00654 ;       .line   141; "main.c"   int_error_cnt++;
00B4   ???? ????      00655         BANKSEL _int_error_cnt
00B6   0A??           00656         INCF    _int_error_cnt,F
00B7   ???? ????      00657         BANKSEL ___sdcc_saved_fsr
00B9   08??           00658         MOVF    ___sdcc_saved_fsr,W
00BA   1283 1303      00659         BANKSEL FSR
00BC   0084           00660         MOVWF   FSR
00BD   08??           00661         MOVF    PSAVE,W
00BE   008A           00662         MOVWF   PCLATH
00BF   0183           00663         CLRF    STATUS
00C0   0E??           00664         SWAPF   SSAVE,W
00C1   0083           00665         MOVWF   STATUS
00C2   0E??           00666         SWAPF   WSAVE,F
00C3   0E??           00667         SWAPF   WSAVE,W
00C4                  00668 END_OF_INTERRUPT:
00C4   0009           00669         RETFIE  
                      00670 
                      00671 ;--------------------------------------------------------
                      00672 ; code
                      00673 ;--------------------------------------------------------
                      00674 code_main       code
                      00675 ;***
                      00676 ;  pBlock Stats: dbName = M
                      00677 ;***
                      00678 ;has an exit
                      00679 ;functions called:
gpasm-1.4.0 #1107 (May  9 2015) build/default   1-12-2017  22:09:04         PAGE 14


LOC    OBJECT CODE    LINE  SOURCE TEXT
  VALUE

                      00680 ;   _init
                      00681 ;   _SP_send
                      00682 ;   _SP_send
                      00683 ;   _SP_send
                      00684 ;   _SP_send
                      00685 ;   _init
                      00686 ;   _SP_send
                      00687 ;   _SP_send
                      00688 ;   _SP_send
                      00689 ;   _SP_send
                      00690 ;6 compiler assigned registers:
                      00691 ;   r0x1022
                      00692 ;   r0x1023
                      00693 ;   r0x1024
                      00694 ;   r0x1025
                      00695 ;   STK01
                      00696 ;   STK00
                      00697 ;; Starting pCode block
                      00698 S_main__main    code
0000                  00699 _main:
                      00700 ; 2 exit points
                      00701 ;       .line   145; "main.c"   uint8_t i = 0;
0000   ???? ????      00702         BANKSEL r0x1022
0002   01??           00703         CLRF    r0x1022
                      00704 ;       .line   149; "main.c"   init();
0003   ????           00705         PAGESEL _init
0004   2???           00706         CALL    _init
0005   ????           00707         PAGESEL $
                      00708 ;       .line   150; "main.c"   bitfield.Hint = FALSE;
0006   ???? ????      00709         BANKSEL _bitfield
0008   11??           00710         BCF     _bitfield,2
                      00711 ;       .line   151; "main.c"   bitfield.Capture = FALSE;
0009   10??           00712         BCF     _bitfield,0
000A                  00713 _00172_DS_:
                      00714 ;       .line   154; "main.c"   if (bitfield.Capture){
000A   ???? ????      00715         BANKSEL _bitfield
000C   1C??           00716         BTFSS   _bitfield,0
000D   2???           00717         GOTO    _00170_DS_
                      00718 ;       .line   155; "main.c"   bitfield.Capture = FALSE;
000E   10??           00719         BCF     _bitfield,0
                      00720 ;;swapping arguments (AOP_TYPEs 1/3)
                      00721 ;;unsigned compare: left >= lit(0x759=1881), size=2
                      00722 ;       .line   156; "main.c"   if (t > MIN_T && t < MAX_T && t1 > MIN_T && t1 < MAX_T){
000F   3007           00723         MOVLW   0x07
0010   ???? ????      00724         BANKSEL _t
0012   02??           00725         SUBWF   (_t + 1),W
0013   1D03           00726         BTFSS   STATUS,2
0014   2???           00727         GOTO    _00242_DS_
0015   3059           00728         MOVLW   0x59
0016   02??           00729         SUBWF   _t,W
0017                  00730 _00242_DS_:
0017   1C03           00731         BTFSS   STATUS,0
0018   2???           00732         GOTO    _00160_DS_
gpasm-1.4.0 #1107 (May  9 2015) build/default   1-12-2017  22:09:04         PAGE 15


LOC    OBJECT CODE    LINE  SOURCE TEXT
  VALUE

                      00733 ;;genSkipc:3257: created from rifx:0x7ffebfd704b0
                      00734 ;;unsigned compare: left < lit(0x79E=1950), size=2
0019   3007           00735         MOVLW   0x07
001A   ???? ????      00736         BANKSEL _t
001C   02??           00737         SUBWF   (_t + 1),W
001D   1D03           00738         BTFSS   STATUS,2
001E   2???           00739         GOTO    _00243_DS_
001F   309E           00740         MOVLW   0x9e
0020   02??           00741         SUBWF   _t,W
0021                  00742 _00243_DS_:
0021   1803           00743         BTFSC   STATUS,0
0022   2???           00744         GOTO    _00160_DS_
                      00745 ;;genSkipc:3257: created from rifx:0x7ffebfd704b0
                      00746 ;;swapping arguments (AOP_TYPEs 1/3)
                      00747 ;;unsigned compare: left >= lit(0x759=1881), size=2
0023   3007           00748         MOVLW   0x07
0024   ???? ????      00749         BANKSEL _t1
0026   02??           00750         SUBWF   (_t1 + 1),W
0027   1D03           00751         BTFSS   STATUS,2
0028   2???           00752         GOTO    _00244_DS_
0029   3059           00753         MOVLW   0x59
002A   02??           00754         SUBWF   _t1,W
002B                  00755 _00244_DS_:
002B   1C03           00756         BTFSS   STATUS,0
002C   2???           00757         GOTO    _00160_DS_
                      00758 ;;genSkipc:3257: created from rifx:0x7ffebfd704b0
                      00759 ;;unsigned compare: left < lit(0x79E=1950), size=2
002D   3007           00760         MOVLW   0x07
002E   ???? ????      00761         BANKSEL _t1
0030   02??           00762         SUBWF   (_t1 + 1),W
0031   1D03           00763         BTFSS   STATUS,2
0032   2???           00764         GOTO    _00245_DS_
0033   309E           00765         MOVLW   0x9e
0034   02??           00766         SUBWF   _t1,W
0035                  00767 _00245_DS_:
0035   1803           00768         BTFSC   STATUS,0
0036   2???           00769         GOTO    _00160_DS_
                      00770 ;;genSkipc:3257: created from rifx:0x7ffebfd704b0
                      00771 ;;swapping arguments (AOP_TYPEs 1/3)
                      00772 ;;unsigned compare: left >= lit(0x547=1351), size=2
                      00773 ;       .line   157; "main.c"   if (w > MIN_W1 && w < MAX_W1 && w1 > MIN_W1 && w1 < MAX_W1){
0037   3005           00774         MOVLW   0x05
0038   ???? ????      00775         BANKSEL _w
003A   02??           00776         SUBWF   (_w + 1),W
003B   1D03           00777         BTFSS   STATUS,2
003C   2???           00778         GOTO    _00246_DS_
003D   3047           00779         MOVLW   0x47
003E   02??           00780         SUBWF   _w,W
003F                  00781 _00246_DS_:
003F   1C03           00782         BTFSS   STATUS,0
0040   2???           00783         GOTO    _00145_DS_
                      00784 ;;genSkipc:3257: created from rifx:0x7ffebfd704b0
                      00785 ;;unsigned compare: left < lit(0x596=1430), size=2
gpasm-1.4.0 #1107 (May  9 2015) build/default   1-12-2017  22:09:04         PAGE 16


LOC    OBJECT CODE    LINE  SOURCE TEXT
  VALUE

0041   3005           00786         MOVLW   0x05
0042   ???? ????      00787         BANKSEL _w
0044   02??           00788         SUBWF   (_w + 1),W
0045   1D03           00789         BTFSS   STATUS,2
0046   2???           00790         GOTO    _00247_DS_
0047   3096           00791         MOVLW   0x96
0048   02??           00792         SUBWF   _w,W
0049                  00793 _00247_DS_:
0049   1803           00794         BTFSC   STATUS,0
004A   2???           00795         GOTO    _00145_DS_
                      00796 ;;genSkipc:3257: created from rifx:0x7ffebfd704b0
                      00797 ;;swapping arguments (AOP_TYPEs 1/3)
                      00798 ;;unsigned compare: left >= lit(0x547=1351), size=2
004B   3005           00799         MOVLW   0x05
004C   ???? ????      00800         BANKSEL _w1
004E   02??           00801         SUBWF   (_w1 + 1),W
004F   1D03           00802         BTFSS   STATUS,2
0050   2???           00803         GOTO    _00248_DS_
0051   3047           00804         MOVLW   0x47
0052   02??           00805         SUBWF   _w1,W
0053                  00806 _00248_DS_:
0053   1C03           00807         BTFSS   STATUS,0
0054   2???           00808         GOTO    _00145_DS_
                      00809 ;;genSkipc:3257: created from rifx:0x7ffebfd704b0
                      00810 ;;unsigned compare: left < lit(0x596=1430), size=2
0055   3005           00811         MOVLW   0x05
0056   ???? ????      00812         BANKSEL _w1
0058   02??           00813         SUBWF   (_w1 + 1),W
0059   1D03           00814         BTFSS   STATUS,2
005A   2???           00815         GOTO    _00249_DS_
005B   3096           00816         MOVLW   0x96
005C   02??           00817         SUBWF   _w1,W
005D                  00818 _00249_DS_:
005D   1803           00819         BTFSC   STATUS,0
005E   2???           00820         GOTO    _00145_DS_
                      00821 ;;genSkipc:3257: created from rifx:0x7ffebfd704b0
                      00822 ;       .line   158; "main.c"   SP_send(strV1);
005F   30??           00823         MOVLW   high (_strV1 + 0)
0060   ???? ????      00824         BANKSEL r0x1023
0062   00??           00825         MOVWF   r0x1023
0063   30??           00826         MOVLW   (_strV1 + 0)
0064   00??           00827         MOVWF   r0x1024
0065   3080           00828         MOVLW   0x80
0066   00??           00829         MOVWF   r0x1025
0067   08??           00830         MOVF    r0x1024,W
0068   00??           00831         MOVWF   STK01
0069   08??           00832         MOVF    r0x1023,W
006A   00??           00833         MOVWF   STK00
006B   08??           00834         MOVF    r0x1025,W
006C   ????           00835         PAGESEL _SP_send
006D   2???           00836         CALL    _SP_send
006E   ????           00837         PAGESEL $
                      00838 ;       .line   159; "main.c"   t = 0;
gpasm-1.4.0 #1107 (May  9 2015) build/default   1-12-2017  22:09:04         PAGE 17


LOC    OBJECT CODE    LINE  SOURCE TEXT
  VALUE

006F   ???? ????      00839         BANKSEL _t
0071   01??           00840         CLRF    _t
0072   01??           00841         CLRF    (_t + 1)
                      00842 ;       .line   160; "main.c"   w = 0;
0073   ???? ????      00843         BANKSEL _w
0075   01??           00844         CLRF    _w
0076   01??           00845         CLRF    (_w + 1)
                      00846 ;       .line   161; "main.c"   i++;
0077   ???? ????      00847         BANKSEL r0x1022
0079   0A??           00848         INCF    r0x1022,F
                      00849 ;;swapping arguments (AOP_TYPEs 1/3)
                      00850 ;;unsigned compare: left >= lit(0x17D=381), size=2
007A                  00851 _00145_DS_:
                      00852 ;       .line   163; "main.c"   if (w > MIN_W0 && w < MAX_W0 && w1 > MIN_W0 && w1 < MAX_W0){
007A   3001           00853         MOVLW   0x01
007B   ???? ????      00854         BANKSEL _w
007D   02??           00855         SUBWF   (_w + 1),W
007E   1D03           00856         BTFSS   STATUS,2
007F   2???           00857         GOTO    _00250_DS_
0080   307D           00858         MOVLW   0x7d
0081   02??           00859         SUBWF   _w,W
0082                  00860 _00250_DS_:
0082   1C03           00861         BTFSS   STATUS,0
0083   2???           00862         GOTO    _00150_DS_
                      00863 ;;genSkipc:3257: created from rifx:0x7ffebfd704b0
                      00864 ;;unsigned compare: left < lit(0x1C2=450), size=2
0084   3001           00865         MOVLW   0x01
0085   ???? ????      00866         BANKSEL _w
0087   02??           00867         SUBWF   (_w + 1),W
0088   1D03           00868         BTFSS   STATUS,2
0089   2???           00869         GOTO    _00251_DS_
008A   30C2           00870         MOVLW   0xc2
008B   02??           00871         SUBWF   _w,W
008C                  00872 _00251_DS_:
008C   1803           00873         BTFSC   STATUS,0
008D   2???           00874         GOTO    _00150_DS_
                      00875 ;;genSkipc:3257: created from rifx:0x7ffebfd704b0
                      00876 ;;swapping arguments (AOP_TYPEs 1/3)
                      00877 ;;unsigned compare: left >= lit(0x17D=381), size=2
008E   3001           00878         MOVLW   0x01
008F   ???? ????      00879         BANKSEL _w1
0091   02??           00880         SUBWF   (_w1 + 1),W
0092   1D03           00881         BTFSS   STATUS,2
0093   2???           00882         GOTO    _00252_DS_
0094   307D           00883         MOVLW   0x7d
0095   02??           00884         SUBWF   _w1,W
0096                  00885 _00252_DS_:
0096   1C03           00886         BTFSS   STATUS,0
0097   2???           00887         GOTO    _00150_DS_
                      00888 ;;genSkipc:3257: created from rifx:0x7ffebfd704b0
                      00889 ;;unsigned compare: left < lit(0x1C2=450), size=2
0098   3001           00890         MOVLW   0x01
0099   ???? ????      00891         BANKSEL _w1
gpasm-1.4.0 #1107 (May  9 2015) build/default   1-12-2017  22:09:04         PAGE 18


LOC    OBJECT CODE    LINE  SOURCE TEXT
  VALUE

009B   02??           00892         SUBWF   (_w1 + 1),W
009C   1D03           00893         BTFSS   STATUS,2
009D   2???           00894         GOTO    _00253_DS_
009E   30C2           00895         MOVLW   0xc2
009F   02??           00896         SUBWF   _w1,W
00A0                  00897 _00253_DS_:
00A0   1803           00898         BTFSC   STATUS,0
00A1   2???           00899         GOTO    _00150_DS_
                      00900 ;;genSkipc:3257: created from rifx:0x7ffebfd704b0
                      00901 ;       .line   164; "main.c"   SP_send(strV0);
00A2   30??           00902         MOVLW   high (_strV0 + 0)
00A3   ???? ????      00903         BANKSEL r0x1023
00A5   00??           00904         MOVWF   r0x1023
00A6   30??           00905         MOVLW   (_strV0 + 0)
00A7   00??           00906         MOVWF   r0x1024
00A8   3080           00907         MOVLW   0x80
00A9   00??           00908         MOVWF   r0x1025
00AA   08??           00909         MOVF    r0x1024,W
00AB   00??           00910         MOVWF   STK01
00AC   08??           00911         MOVF    r0x1023,W
00AD   00??           00912         MOVWF   STK00
00AE   08??           00913         MOVF    r0x1025,W
00AF   ????           00914         PAGESEL _SP_send
00B0   2???           00915         CALL    _SP_send
00B1   ????           00916         PAGESEL $
                      00917 ;       .line   165; "main.c"   t = 0;
00B2   ???? ????      00918         BANKSEL _t
00B4   01??           00919         CLRF    _t
00B5   01??           00920         CLRF    (_t + 1)
                      00921 ;       .line   166; "main.c"   w = 0;
00B6   ???? ????      00922         BANKSEL _w
00B8   01??           00923         CLRF    _w
00B9   01??           00924         CLRF    (_w + 1)
                      00925 ;       .line   167; "main.c"   i++;
00BA   ???? ????      00926         BANKSEL r0x1022
00BC   0A??           00927         INCF    r0x1022,F
                      00928 ;;swapping arguments (AOP_TYPEs 1/3)
                      00929 ;;unsigned compare: left >= lit(0x17D=381), size=2
00BD                  00930 _00150_DS_:
                      00931 ;       .line   169; "main.c"   if (w1 > MIN_W0 && w1 < MAX_W0 && w > MIN_W1 && w < MAX_W1){
00BD   3001           00932         MOVLW   0x01
00BE   ???? ????      00933         BANKSEL _w1
00C0   02??           00934         SUBWF   (_w1 + 1),W
00C1   1D03           00935         BTFSS   STATUS,2
00C2   2???           00936         GOTO    _00254_DS_
00C3   307D           00937         MOVLW   0x7d
00C4   02??           00938         SUBWF   _w1,W
00C5                  00939 _00254_DS_:
00C5   1C03           00940         BTFSS   STATUS,0
00C6   2???           00941         GOTO    _00160_DS_
                      00942 ;;genSkipc:3257: created from rifx:0x7ffebfd704b0
                      00943 ;;unsigned compare: left < lit(0x1C2=450), size=2
00C7   3001           00944         MOVLW   0x01
gpasm-1.4.0 #1107 (May  9 2015) build/default   1-12-2017  22:09:04         PAGE 19


LOC    OBJECT CODE    LINE  SOURCE TEXT
  VALUE

00C8   ???? ????      00945         BANKSEL _w1
00CA   02??           00946         SUBWF   (_w1 + 1),W
00CB   1D03           00947         BTFSS   STATUS,2
00CC   2???           00948         GOTO    _00255_DS_
00CD   30C2           00949         MOVLW   0xc2
00CE   02??           00950         SUBWF   _w1,W
00CF                  00951 _00255_DS_:
00CF   1803           00952         BTFSC   STATUS,0
00D0   2???           00953         GOTO    _00160_DS_
                      00954 ;;genSkipc:3257: created from rifx:0x7ffebfd704b0
                      00955 ;;swapping arguments (AOP_TYPEs 1/3)
                      00956 ;;unsigned compare: left >= lit(0x547=1351), size=2
00D1   3005           00957         MOVLW   0x05
00D2   ???? ????      00958         BANKSEL _w
00D4   02??           00959         SUBWF   (_w + 1),W
00D5   1D03           00960         BTFSS   STATUS,2
00D6   2???           00961         GOTO    _00256_DS_
00D7   3047           00962         MOVLW   0x47
00D8   02??           00963         SUBWF   _w,W
00D9                  00964 _00256_DS_:
00D9   1C03           00965         BTFSS   STATUS,0
00DA   2???           00966         GOTO    _00160_DS_
                      00967 ;;genSkipc:3257: created from rifx:0x7ffebfd704b0
                      00968 ;;unsigned compare: left < lit(0x596=1430), size=2
00DB   3005           00969         MOVLW   0x05
00DC   ???? ????      00970         BANKSEL _w
00DE   02??           00971         SUBWF   (_w + 1),W
00DF   1D03           00972         BTFSS   STATUS,2
00E0   2???           00973         GOTO    _00257_DS_
00E1   3096           00974         MOVLW   0x96
00E2   02??           00975         SUBWF   _w,W
00E3                  00976 _00257_DS_:
00E3   1803           00977         BTFSC   STATUS,0
00E4   2???           00978         GOTO    _00160_DS_
                      00979 ;;genSkipc:3257: created from rifx:0x7ffebfd704b0
                      00980 ;       .line   170; "main.c"   SP_send(strVF);
00E5   30??           00981         MOVLW   high (_strVF + 0)
00E6   ???? ????      00982         BANKSEL r0x1023
00E8   00??           00983         MOVWF   r0x1023
00E9   30??           00984         MOVLW   (_strVF + 0)
00EA   00??           00985         MOVWF   r0x1024
00EB   3080           00986         MOVLW   0x80
00EC   00??           00987         MOVWF   r0x1025
00ED   08??           00988         MOVF    r0x1024,W
00EE   00??           00989         MOVWF   STK01
00EF   08??           00990         MOVF    r0x1023,W
00F0   00??           00991         MOVWF   STK00
00F1   08??           00992         MOVF    r0x1025,W
00F2   ????           00993         PAGESEL _SP_send
00F3   2???           00994         CALL    _SP_send
00F4   ????           00995         PAGESEL $
                      00996 ;       .line   171; "main.c"   t = 0;
00F5   ???? ????      00997         BANKSEL _t
gpasm-1.4.0 #1107 (May  9 2015) build/default   1-12-2017  22:09:04         PAGE 20


LOC    OBJECT CODE    LINE  SOURCE TEXT
  VALUE

00F7   01??           00998         CLRF    _t
00F8   01??           00999         CLRF    (_t + 1)
                      01000 ;       .line   172; "main.c"   w = 0;
00F9   ???? ????      01001         BANKSEL _w
00FB   01??           01002         CLRF    _w
00FC   01??           01003         CLRF    (_w + 1)
                      01004 ;       .line   173; "main.c"   i++;
00FD   ???? ????      01005         BANKSEL r0x1022
00FF   0A??           01006         INCF    r0x1022,F
                      01007 ;;swapping arguments (AOP_TYPEs 1/3)
                      01008 ;;unsigned compare: left >= lit(0x3A99=15001), size=2
0100                  01009 _00160_DS_:
                      01010 ;       .line   176; "main.c"   if (t > MIN_TS && t < MAX_TS && w > MIN_W0 && w < MAX_W0){
0100   303A           01011         MOVLW   0x3a
0101   ???? ????      01012         BANKSEL _t
0103   02??           01013         SUBWF   (_t + 1),W
0104   1D03           01014         BTFSS   STATUS,2
0105   2???           01015         GOTO    _00258_DS_
0106   3099           01016         MOVLW   0x99
0107   02??           01017         SUBWF   _t,W
0108                  01018 _00258_DS_:
0108   1C03           01019         BTFSS   STATUS,0
0109   2???           01020         GOTO    _00165_DS_
                      01021 ;;genSkipc:3257: created from rifx:0x7ffebfd704b0
                      01022 ;;unsigned compare: left < lit(0x3E80=16000), size=2
010A   303E           01023         MOVLW   0x3e
010B   ???? ????      01024         BANKSEL _t
010D   02??           01025         SUBWF   (_t + 1),W
010E   1D03           01026         BTFSS   STATUS,2
010F   2???           01027         GOTO    _00259_DS_
0110   3080           01028         MOVLW   0x80
0111   02??           01029         SUBWF   _t,W
0112                  01030 _00259_DS_:
0112   1803           01031         BTFSC   STATUS,0
0113   2???           01032         GOTO    _00165_DS_
                      01033 ;;genSkipc:3257: created from rifx:0x7ffebfd704b0
                      01034 ;;swapping arguments (AOP_TYPEs 1/3)
                      01035 ;;unsigned compare: left >= lit(0x17D=381), size=2
0114   3001           01036         MOVLW   0x01
0115   ???? ????      01037         BANKSEL _w
0117   02??           01038         SUBWF   (_w + 1),W
0118   1D03           01039         BTFSS   STATUS,2
0119   2???           01040         GOTO    _00260_DS_
011A   307D           01041         MOVLW   0x7d
011B   02??           01042         SUBWF   _w,W
011C                  01043 _00260_DS_:
011C   1C03           01044         BTFSS   STATUS,0
011D   2???           01045         GOTO    _00165_DS_
                      01046 ;;genSkipc:3257: created from rifx:0x7ffebfd704b0
                      01047 ;;unsigned compare: left < lit(0x1C2=450), size=2
011E   3001           01048         MOVLW   0x01
011F   ???? ????      01049         BANKSEL _w
0121   02??           01050         SUBWF   (_w + 1),W
gpasm-1.4.0 #1107 (May  9 2015) build/default   1-12-2017  22:09:04         PAGE 21


LOC    OBJECT CODE    LINE  SOURCE TEXT
  VALUE

0122   1D03           01051         BTFSS   STATUS,2
0123   2???           01052         GOTO    _00261_DS_
0124   30C2           01053         MOVLW   0xc2
0125   02??           01054         SUBWF   _w,W
0126                  01055 _00261_DS_:
0126   1803           01056         BTFSC   STATUS,0
0127   2???           01057         GOTO    _00165_DS_
                      01058 ;;genSkipc:3257: created from rifx:0x7ffebfd704b0
                      01059 ;       .line   177; "main.c"   SP_send(sync);
0128   30??           01060         MOVLW   high (_sync + 0)
0129   ???? ????      01061         BANKSEL r0x1023
012B   00??           01062         MOVWF   r0x1023
012C   30??           01063         MOVLW   (_sync + 0)
012D   00??           01064         MOVWF   r0x1024
012E   3080           01065         MOVLW   0x80
012F   00??           01066         MOVWF   r0x1025
0130   08??           01067         MOVF    r0x1024,W
0131   00??           01068         MOVWF   STK01
0132   08??           01069         MOVF    r0x1023,W
0133   00??           01070         MOVWF   STK00
0134   08??           01071         MOVF    r0x1025,W
0135   ????           01072         PAGESEL _SP_send
0136   2???           01073         CALL    _SP_send
0137   ????           01074         PAGESEL $
                      01075 ;       .line   178; "main.c"   t = 0;
0138   ???? ????      01076         BANKSEL _t
013A   01??           01077         CLRF    _t
013B   01??           01078         CLRF    (_t + 1)
                      01079 ;       .line   179; "main.c"   w = 0;
013C   ???? ????      01080         BANKSEL _w
013E   01??           01081         CLRF    _w
013F   01??           01082         CLRF    (_w + 1)
                      01083 ;       .line   180; "main.c"   i++;
0140   ???? ????      01084         BANKSEL r0x1022
0142   0A??           01085         INCF    r0x1022,F
0143                  01086 _00165_DS_:
                      01087 ;       .line   182; "main.c"   t1 = t;
0143   ???? ????      01088         BANKSEL _t
0145   08??           01089         MOVF    _t,W
0146   ???? ????      01090         BANKSEL _t1
0148   00??           01091         MOVWF   _t1
0149   ???? ????      01092         BANKSEL _t
014B   08??           01093         MOVF    (_t + 1),W
014C   ???? ????      01094         BANKSEL _t1
014E   00??           01095         MOVWF   (_t1 + 1)
                      01096 ;       .line   183; "main.c"   w1 = w;
014F   ???? ????      01097         BANKSEL _w
0151   08??           01098         MOVF    _w,W
0152   ???? ????      01099         BANKSEL _w1
0154   00??           01100         MOVWF   _w1
0155   ???? ????      01101         BANKSEL _w
0157   08??           01102         MOVF    (_w + 1),W
0158   ???? ????      01103         BANKSEL _w1
gpasm-1.4.0 #1107 (May  9 2015) build/default   1-12-2017  22:09:04         PAGE 22


LOC    OBJECT CODE    LINE  SOURCE TEXT
  VALUE

015A   00??           01104         MOVWF   (_w1 + 1)
015B                  01105 _00170_DS_:
                      01106 ;       .line   185; "main.c"   int_error_cnt = 0;
015B   ???? ????      01107         BANKSEL _int_error_cnt
015D   01??           01108         CLRF    _int_error_cnt
015E   2???           01109         GOTO    _00172_DS_
015F   0008           01110         RETURN  
                      01111 ; exit point of _main
                      01112 
                      01113 ;***
                      01114 ;  pBlock Stats: dbName = C
                      01115 ;***
                      01116 ;has an exit
                      01117 ;functions called:
                      01118 ;   _SP_send
                      01119 ;   _SP_send
                      01120 ;7 compiler assigned registers:
                      01121 ;   r0x101D
                      01122 ;   r0x101E
                      01123 ;   r0x101F
                      01124 ;   r0x1020
                      01125 ;   r0x1021
                      01126 ;   STK01
                      01127 ;   STK00
                      01128 ;; Starting pCode block
                      01129 S_main__circBufPush     code
0000                  01130 _circBufPush:
                      01131 ; 2 exit points
                      01132 ;       .line   189; "main.c"   int circBufPush(uint8_t data){
0000   ???? ????      01133         BANKSEL r0x101D
0002   00??           01134         MOVWF   r0x101D
                      01135 ;       .line   190; "main.c"   uint8_t next = buf_head + 1;
0003   ???? ????      01136         BANKSEL _buf_head
0005   0A??           01137         INCF    _buf_head,W
0006   ???? ????      01138         BANKSEL r0x101E
0008   00??           01139         MOVWF   r0x101E
                      01140 ;;unsigned compare: left < lit(0x10=16), size=1
                      01141 ;       .line   191; "main.c"   if (next >= BUF_SIZE)
0009   3010           01142         MOVLW   0x10
                      01143 ;       .line   192; "main.c"   next = 0;
000A   02??           01144         SUBWF   r0x101E,W
                      01145 ;       .line   195; "main.c"   if (next == buf_tail){
000B   1803           01146         BTFSC   STATUS,0
000C   01??           01147         CLRF    r0x101E
000D   ???? ????      01148         BANKSEL _buf_tail
000F   08??           01149         MOVF    _buf_tail,W
0010   ???? ????      01150         BANKSEL r0x101E
0012   06??           01151         XORWF   r0x101E,W
0013   1D03           01152         BTFSS   STATUS,2
0014   2???           01153         GOTO    _00269_DS_
                      01154 ;       .line   196; "main.c"   SP_send(buf_err);
0015   30??           01155         MOVLW   high (_buf_err + 0)
0016   00??           01156         MOVWF   r0x101F
gpasm-1.4.0 #1107 (May  9 2015) build/default   1-12-2017  22:09:04         PAGE 23


LOC    OBJECT CODE    LINE  SOURCE TEXT
  VALUE

0017   30??           01157         MOVLW   (_buf_err + 0)
0018   00??           01158         MOVWF   r0x1020
0019   3080           01159         MOVLW   0x80
001A   00??           01160         MOVWF   r0x1021
001B   08??           01161         MOVF    r0x1020,W
001C   00??           01162         MOVWF   STK01
001D   08??           01163         MOVF    r0x101F,W
001E   00??           01164         MOVWF   STK00
001F   08??           01165         MOVF    r0x1021,W
0020   ????           01166         PAGESEL _SP_send
0021   2???           01167         CALL    _SP_send
0022   ????           01168         PAGESEL $
                      01169 ;       .line   197; "main.c"   return -1;  // quit with an error
0023   30FF           01170         MOVLW   0xff
0024   00??           01171         MOVWF   STK00
0025   30FF           01172         MOVLW   0xff
0026   2???           01173         GOTO    _00270_DS_
0027                  01174 _00269_DS_:
                      01175 ;       .line   200; "main.c"   buf[buf_head] = data;
0027   ???? ????      01176         BANKSEL _buf_head
0029   08??           01177         MOVF    _buf_head,W
002A   3E??           01178         ADDLW   (_buf + 0)
002B   ???? ????      01179         BANKSEL r0x1020
002D   00??           01180         MOVWF   r0x1020
002E   30??           01181         MOVLW   high (_buf + 0)
002F   1803           01182         BTFSC   STATUS,0
0030   3E01           01183         ADDLW   0x01
0031   00??           01184         MOVWF   r0x101F
0032   08??           01185         MOVF    r0x1020,W
0033   1283 1303      01186         BANKSEL FSR
0035   0084           01187         MOVWF   FSR
0036   1383           01188         BCF     STATUS,7
0037   ???? ????      01189         BANKSEL r0x101F
0039   18??           01190         BTFSC   r0x101F,0
003A   1783           01191         BSF     STATUS,7
003B   08??           01192         MOVF    r0x101D,W
003C   1283 1303      01193         BANKSEL INDF
003E   0080           01194         MOVWF   INDF
                      01195 ;       .line   201; "main.c"   buf_head = next;
003F   ???? ????      01196         BANKSEL r0x101E
0041   08??           01197         MOVF    r0x101E,W
0042   ???? ????      01198         BANKSEL _buf_head
0044   00??           01199         MOVWF   _buf_head
                      01200 ;       .line   202; "main.c"   TXIE = 1;       //Enables the EUSART transmit interrupt
0045   ???? ????      01201         BANKSEL _PIE1bits
0047   16??           01202         BSF     _PIE1bits,4
                      01203 ;       .line   203; "main.c"   return 0;
0048   3000           01204         MOVLW   0x00
0049   00??           01205         MOVWF   STK00
004A   3000           01206         MOVLW   0x00
004B                  01207 _00270_DS_:
004B   0008           01208         RETURN  
                      01209 ; exit point of _circBufPush
gpasm-1.4.0 #1107 (May  9 2015) build/default   1-12-2017  22:09:04         PAGE 24


LOC    OBJECT CODE    LINE  SOURCE TEXT
  VALUE

                      01210 
                      01211 
                      01212 ;       code size estimation:
                      01213 ;         407+  113 =   520 instructions ( 1266 byte)
                      01214 
                      01215         end
gpasm-1.4.0 #1107 (May  9 2015) build/default   1-12-2017  22:09:04         PAGE 25


SYMBOL TABLE
  LABEL                             VALUE

ABDEN                             00000000
ABDOVF                            00000007
ADCON0                            0000001F
ADCON1                            0000009F
ADCS0                             00000004
ADCS1                             00000005
ADCS2                             00000006
ADDEN                             00000003
ADFM                              00000007
ADIE                              00000006
ADIF                              00000006
ADON                              00000000
ADRESH                            0000001E
ADRESL                            0000009E
ANS0                              00000000
ANS1                              00000001
ANS10                             00000002
ANS11                             00000003
ANS2                              00000002
ANS3                              00000003
ANS4                              00000004
ANS5                              00000005
ANS6                              00000006
ANS7                              00000007
ANS8                              00000000
ANS9                              00000001
ANSEL                             0000011E
ANSELH                            0000011F
BAUDCTL                           0000009B
BF                                00000000
BRG0                              00000000
BRG1                              00000001
BRG10                             00000002
BRG11                             00000003
BRG12                             00000004
BRG13                             00000005
BRG14                             00000006
BRG15                             00000007
BRG16                             00000003
BRG2                              00000002
BRG3                              00000003
BRG4                              00000004
BRG5                              00000005
BRG6                              00000006
BRG7                              00000007
BRG8                              00000000
BRG9                              00000001
BRGH                              00000002
C                                 00000000
C1CH0                             00000000
C1CH1                             00000001
C1IE                              00000005
C1IF                              00000005
gpasm-1.4.0 #1107 (May  9 2015) build/default   1-12-2017  22:09:04         PAGE 26


SYMBOL TABLE
  LABEL                             VALUE 

C1OE                              00000005
C1ON                              00000007
C1OUT                             00000006
C1POL                             00000004
C1R                               00000002
C1SEN                             00000005
C1VREN                            00000007
C2CH0                             00000000
C2CH1                             00000001
C2IE                              00000006
C2IF                              00000006
C2OE                              00000005
C2ON                              00000007
C2OUT                             00000006
C2POL                             00000004
C2R                               00000002
C2REN                             00000004
C2SYNC                            00000000
C2VREN                            00000006
CCP1CON                           00000017
CCP1IE                            00000002
CCP1IF                            00000002
CCP1M0                            00000000
CCP1M1                            00000001
CCP1M2                            00000002
CCP1M3                            00000003
CCPR                              00000015
CCPR1H                            00000016
CCPR1L                            00000015
CHS0                              00000002
CHS1                              00000003
CHS2                              00000004
CHS3                              00000005
CKE                               00000006
CKP                               00000004
CM1CON0                           00000119
CM2CON0                           0000011A
CM2CON1                           0000011B
CREN                              00000004
CSRC                              00000007
D                                 00000005
DATA_ADDRESS                      00000005
DC                                00000001
DC1B0                             00000004
DC1B1                             00000005
D_A                               00000005
D_NOT_A                           00000005
ECCPAS                            0000001D
ECCPAS0                           00000004
ECCPAS1                           00000005
ECCPAS2                           00000006
ECCPASE                           00000007
EEADR                             0000010D
gpasm-1.4.0 #1107 (May  9 2015) build/default   1-12-2017  22:09:04         PAGE 27


SYMBOL TABLE
  LABEL                             VALUE 

EEADRH                            0000010F
EECON1                            0000018C
EECON2                            0000018D
EEDAT                             0000010C
EEDATA                            0000010C
EEDATH                            0000010E
EEIE                              00000004
EEIF                              00000004
EEPGD                             00000007
END_OF_INTERRUPT                  000000C4
F                                 00000001
FERR                              00000002
FSR                               00000004
GIE                               00000007
GO                                00000001
GO_DONE                           00000001
GO_NOT_DONE                       00000001
HTS                               00000002
I2C_DATA                          00000005
I2C_READ                          00000002
I2C_START                         00000003
I2C_STOP                          00000004
INDF                              00000000
INTCON                            0000000B
INTE                              00000004
INTEDG                            00000006
INTF                              00000001
IOC                               00000096
IOC0                              00000000
IOC1                              00000001
IOC2                              00000002
IOC3                              00000003
IOC4                              00000004
IOC5                              00000005
IOCA                              00000096
IOCA0                             00000000
IOCA1                             00000001
IOCA2                             00000002
IOCA3                             00000003
IOCA4                             00000004
IOCA5                             00000005
IOCB                              00000116
IOCB4                             00000004
IOCB5                             00000005
IOCB6                             00000006
IOCB7                             00000007
IRCF0                             00000004
IRCF1                             00000005
IRCF2                             00000006
IRP                               00000007
LTS                               00000001
MC1OUT                            00000007
MC2OUT                            00000006
gpasm-1.4.0 #1107 (May  9 2015) build/default   1-12-2017  22:09:04         PAGE 28


SYMBOL TABLE
  LABEL                             VALUE 

MSK                               00000093
MSK0                              00000000
MSK1                              00000001
MSK2                              00000002
MSK3                              00000003
MSK4                              00000004
MSK5                              00000005
MSK6                              00000006
MSK7                              00000007
NOT_A                             00000005
NOT_ADDRESS                       00000005
NOT_BOR                           00000000
NOT_DONE                          00000001
NOT_PD                            00000003
NOT_POR                           00000001
NOT_RABPU                         00000007
NOT_T1SYNC                        00000002
NOT_TO                            00000004
NOT_W                             00000002
NOT_WRITE                         00000002
OERR                              00000001
OPTION_REG                        00000081
OSCCON                            0000008F
OSCTUNE                           00000090
OSFIE                             00000007
OSFIF                             00000007
OSTS                              00000003
P                                 00000004
P1M0                              00000006
P1M1                              00000007
PCL                               00000002
PCLATH                            0000000A
PCON                              0000008E
PDC0                              00000000
PDC1                              00000001
PDC2                              00000002
PDC3                              00000003
PDC4                              00000004
PDC5                              00000005
PDC6                              00000006
PEIE                              00000006
PIE1                              0000008C
PIE2                              0000008D
PIR1                              0000000C
PIR2                              0000000D
PORTA                             00000005
PORTB                             00000006
PORTC                             00000007
PR2                               00000092
PRSEN                             00000007
PS0                               00000000
PS1                               00000001
PS2                               00000002
gpasm-1.4.0 #1107 (May  9 2015) build/default   1-12-2017  22:09:04         PAGE 29


SYMBOL TABLE
  LABEL                             VALUE 

PSA                               00000003
PSAVE                             00000070
PSSAC0                            00000002
PSSAC1                            00000003
PSSBD0                            00000000
PSSBD1                            00000001
PSTRCON                           0000019D
PULSR                             00000002
PULSS                             00000003
PWM1CON                           0000001C
R                                 00000002
RA0                               00000000
RA1                               00000001
RA2                               00000002
RA3                               00000003
RA4                               00000004
RA5                               00000005
RABIE                             00000003
RABIF                             00000000
RB4                               00000004
RB5                               00000005
RB6                               00000006
RB7                               00000007
RC0                               00000000
RC1                               00000001
RC2                               00000002
RC3                               00000003
RC4                               00000004
RC5                               00000005
RC6                               00000006
RC7                               00000007
RCIDL                             00000006
RCIE                              00000005
RCIF                              00000005
RCREG                             0000001A
RCSTA                             00000018
RD                                00000000
READ_WRITE                        00000002
RP0                               00000005
RP1                               00000006
RX9                               00000006
RX9D                              00000000
R_NOT_W                           00000002
R_W                               00000002
S                                 00000003
SBOREN                            00000004
SCKP                              00000004
SCS                               00000000
SENB                              00000003
SENDB                             00000003
SMP                               00000007
SPBRG                             00000099
SPBRGH                            0000009A
gpasm-1.4.0 #1107 (May  9 2015) build/default   1-12-2017  22:09:04         PAGE 30


SYMBOL TABLE
  LABEL                             VALUE 

SPEN                              00000007
SR0                               00000006
SR1                               00000007
SRCON                             0000019E
SREN                              00000005
SSAVE                             00000071
SSPADD                            00000093
SSPBUF                            00000013
SSPCON                            00000014
SSPEN                             00000005
SSPIE                             00000003
SSPIF                             00000003
SSPM0                             00000000
SSPM1                             00000001
SSPM2                             00000002
SSPM3                             00000003
SSPMSK                            00000093
SSPOV                             00000006
SSPSTAT                           00000094
STATUS                            00000003
STK00                             0000007F
STK01                             0000007E
STK02                             0000007D
STK03                             0000007C
STK04                             0000007B
STK05                             0000007A
STK06                             00000079
STK07                             00000078
STK08                             00000077
STK09                             00000076
STK10                             00000075
STK11                             00000074
STK12                             00000073
STRA                              00000000
STRB                              00000001
STRC                              00000002
STRD                              00000003
STRSYNC                           00000004
SWDTEN                            00000000
SYNC                              00000004
T0CS                              00000005
T0IE                              00000005
T0IF                              00000002
T0SE                              00000004
T1CKPS0                           00000004
T1CKPS1                           00000005
T1CON                             00000010
T1GINV                            00000007
T1GSS                             00000001
T1IE                              00000000
T1IF                              00000000
T1OSCEN                           00000003
T2CKPS0                           00000000
gpasm-1.4.0 #1107 (May  9 2015) build/default   1-12-2017  22:09:04         PAGE 31


SYMBOL TABLE
  LABEL                             VALUE 

T2CKPS1                           00000001
T2CON                             00000012
T2IE                              00000001
T2IF                              00000001
TMR0                              00000001
TMR1                              0000000E
TMR1CS                            00000001
TMR1GE                            00000006
TMR1H                             0000000F
TMR1IE                            00000000
TMR1IF                            00000000
TMR1L                             0000000E
TMR1ON                            00000000
TMR2                              00000011
TMR2IE                            00000001
TMR2IF                            00000001
TMR2ON                            00000002
TOUTPS0                           00000003
TOUTPS1                           00000004
TOUTPS2                           00000005
TOUTPS3                           00000006
TRISA                             00000085
TRISA0                            00000000
TRISA1                            00000001
TRISA2                            00000002
TRISA3                            00000003
TRISA4                            00000004
TRISA5                            00000005
TRISB                             00000086
TRISB4                            00000004
TRISB5                            00000005
TRISB6                            00000006
TRISB7                            00000007
TRISC                             00000087
TRISC0                            00000000
TRISC1                            00000001
TRISC2                            00000002
TRISC3                            00000003
TRISC4                            00000004
TRISC5                            00000005
TRISC6                            00000006
TRISC7                            00000007
TRMT                              00000001
TUN0                              00000000
TUN1                              00000001
TUN2                              00000002
TUN3                              00000003
TUN4                              00000004
TX9                               00000006
TX9D                              00000000
TXEN                              00000005
TXIE                              00000004
TXIF                              00000004
gpasm-1.4.0 #1107 (May  9 2015) build/default   1-12-2017  22:09:04         PAGE 32


SYMBOL TABLE
  LABEL                             VALUE 

TXREG                             00000019
TXSTA                             00000098
UA                                00000001
ULPWUE                            00000005
VCFG                              00000006
VP6EN                             00000004
VR0                               00000000
VR1                               00000001
VR2                               00000002
VR3                               00000003
VRCON                             00000118
VRR                               00000005
W                                 00000000
WCOL                              00000007
WDTCON                            00000097
WDTPS0                            00000001
WDTPS1                            00000002
WDTPS2                            00000003
WDTPS3                            00000004
WPU                               00000095
WPU0                              00000000
WPU1                              00000001
WPU2                              00000002
WPU4                              00000004
WPU5                              00000005
WPUA                              00000095
WPUA0                             00000000
WPUA1                             00000001
WPUA2                             00000002
WPUA4                             00000004
WPUA5                             00000005
WPUB                              00000115
WPUB4                             00000004
WPUB5                             00000005
WPUB6                             00000006
WPUB7                             00000007
WR                                00000001
WREN                              00000002
WRERR                             00000003
WSAVE                             00000072
WUE                               00000001
Z                                 00000002
_00106_DS_                        00000015
_00108_DS_                        00000063
_00110_DS_                        00000025
_00113_DS_                        00000069
_00115_DS_                        00000093
_00116_DS_                        000000AE
_00118_DS_                        000000B4
_00139_DS_                        0000005D
_00145_DS_                        0000007A
_00150_DS_                        000000BD
_00160_DS_                        00000100
gpasm-1.4.0 #1107 (May  9 2015) build/default   1-12-2017  22:09:04         PAGE 33


SYMBOL TABLE
  LABEL                             VALUE 

_00165_DS_                        00000143
_00170_DS_                        0000015B
_00172_DS_                        0000000A
_00242_DS_                        00000017
_00243_DS_                        00000021
_00244_DS_                        0000002B
_00245_DS_                        00000035
_00246_DS_                        0000003F
_00247_DS_                        00000049
_00248_DS_                        00000053
_00249_DS_                        0000005D
_00250_DS_                        00000082
_00251_DS_                        0000008C
_00252_DS_                        00000096
_00253_DS_                        000000A0
_00254_DS_                        000000C5
_00255_DS_                        000000CF
_00256_DS_                        000000D9
_00257_DS_                        000000E3
_00258_DS_                        00000108
_00259_DS_                        00000112
_00260_DS_                        0000011C
_00261_DS_                        00000126
_00269_DS_                        00000027
_00270_DS_                        0000004B
_ADCON0                           00000000
_ADCON0bits                       00000000
_ADCON1                           00000000
_ADCON1bits                       00000000
_ADRESH                           00000000
_ADRESL                           00000000
_ANSEL                            00000000
_ANSELH                           00000000
_ANSELHbits                       00000000
_ANSELbits                        00000000
_BAUDCTL                          00000000
_BAUDCTLbits                      00000000
_BOD_NSLEEP                       00003EFF
_BOD_OFF                          00003CFF
_BOD_ON                           00003FFF
_BOD_SBODEN                       00003DFF
_BOREN_NSLEEP                     00003EFF
_BOREN_OFF                        00003CFF
_BOREN_ON                         00003FFF
_BOREN_SBODEN                     00003DFF
_BOR_NSLEEP                       00003EFF
_BOR_OFF                          00003CFF
_BOR_ON                           00003FFF
_BOR_SBODEN                       00003DFF
_CCP1CON                          00000000
_CCP1CONbits                      00000000
_CCPR                             00000000
_CCPR1H                           00000000
gpasm-1.4.0 #1107 (May  9 2015) build/default   1-12-2017  22:09:04         PAGE 34


SYMBOL TABLE
  LABEL                             VALUE 

_CCPR1L                           00000000
_CM1CON0                          00000000
_CM1CON0bits                      00000000
_CM2CON0                          00000000
_CM2CON0bits                      00000000
_CM2CON1                          00000000
_CM2CON1bits                      00000000
_CONFIG                           00002007
_CPD_OFF                          00003FFF
_CPD_ON                           00003F7F
_CP_OFF                           00003FFF
_CP_ON                            00003FBF
_DEVID1                           00002006
_ECCPAS                           00000000
_ECCPASbits                       00000000
_EC_OSC                           00003FFB
_EEADR                            00000000
_EEADRH                           00000000
_EECON1                           00000000
_EECON1bits                       00000000
_EECON2                           00000000
_EEDAT                            00000000
_EEDATA                           00000000
_EEDATH                           00000000
_EXTRC                            00003FFF
_EXTRCIO                          00003FFE
_EXTRC_OSC_CLKOUT                 00003FFF
_EXTRC_OSC_NOCLKOUT               00003FFE
_FCMEN_OFF                        000037FF
_FCMEN_ON                         00003FFF
_FOSC_EC                          00003FFB
_FOSC_EXTRCCLK                    00003FFF
_FOSC_EXTRCIO                     00003FFE
_FOSC_HS                          00003FFA
_FOSC_INTRCCLK                    00003FFD
_FOSC_INTRCIO                     00003FFC
_FOSC_LP                          00003FF8
_FOSC_XT                          00003FF9
_FSR                              00000000
_HS_OSC                           00003FFA
_IDLOC0                           00002000
_IDLOC1                           00002001
_IDLOC2                           00002002
_IDLOC3                           00002003
_IESO_OFF                         00003BFF
_IESO_ON                          00003FFF
_INDF                             00000000
_INTCON                           00000000
_INTCONbits                       00000000
_INTOSC                           00003FFD
_INTOSCIO                         00003FFC
_INTRC_OSC_CLKOUT                 00003FFD
_INTRC_OSC_NOCLKOUT               00003FFC
gpasm-1.4.0 #1107 (May  9 2015) build/default   1-12-2017  22:09:04         PAGE 35


SYMBOL TABLE
  LABEL                             VALUE 

_IOC                              00000000
_IOCA                             00000000
_IOCAbits                         00000000
_IOCB                             00000000
_IOCBbits                         00000000
_IOCbits                          00000000
_LP_OSC                           00003FF8
_MCLRE_OFF                        00003FDF
_MCLRE_ON                         00003FFF
_MSK                              00000000
_MSKbits                          00000000
_OPTION_REG                       00000000
_OPTION_REGbits                   00000000
_OSCCON                           00000000
_OSCCONbits                       00000000
_OSCTUNE                          00000000
_OSCTUNEbits                      00000000
_PCL                              00000000
_PCLATH                           00000000
_PCON                             00000000
_PCONbits                         00000000
_PIE1                             00000000
_PIE1bits                         00000000
_PIE2                             00000000
_PIE2bits                         00000000
_PIR1                             00000000
_PIR1bits                         00000000
_PIR2                             00000000
_PIR2bits                         00000000
_PORTA                            00000000
_PORTAbits                        00000000
_PORTB                            00000000
_PORTBbits                        00000000
_PORTC                            00000000
_PORTCbits                        00000000
_PR2                              00000000
_PSTRCON                          00000000
_PSTRCONbits                      00000000
_PWM1CON                          00000000
_PWM1CONbits                      00000000
_PWRTE_OFF                        00003FFF
_PWRTE_ON                         00003FEF
_RCREG                            00000000
_RCSTA                            00000000
_RCSTAbits                        00000000
_SPBRG                            00000000
_SPBRGH                           00000000
_SPBRGHbits                       00000000
_SPBRGbits                        00000000
_SP_send                          00000000
_SP_send_buf                      00000000
_SRCON                            00000000
_SRCONbits                        00000000
gpasm-1.4.0 #1107 (May  9 2015) build/default   1-12-2017  22:09:04         PAGE 36


SYMBOL TABLE
  LABEL                             VALUE 

_SSPADD                           00000000
_SSPBUF                           00000000
_SSPCON                           00000000
_SSPCONbits                       00000000
_SSPMSK                           00000000
_SSPMSKbits                       00000000
_SSPSTAT                          00000000
_SSPSTATbits                      00000000
_STATUS                           00000000
_STATUSbits                       00000000
_S_main__circBufPush_0022         00000022
_S_main__main_0005                00000005
_S_main__main_006E                0000006E
_S_main__main_00B1                000000B1
_S_main__main_00F4                000000F4
_S_main__main_0137                00000137
_T1CON                            00000000
_T1CONbits                        00000000
_T2CON                            00000000
_T2CONbits                        00000000
_TMR0                             00000000
_TMR1                             00000000
_TMR1H                            00000000
_TMR1L                            00000000
_TMR2                             00000000
_TRISA                            00000000
_TRISAbits                        00000000
_TRISB                            00000000
_TRISBbits                        00000000
_TRISC                            00000000
_TRISCbits                        00000000
_TXREG                            00000000
_TXSTA                            00000000
_TXSTAbits                        00000000
_VRCON                            00000000
_VRCONbits                        00000000
_WDTCON                           00000000
_WDTCONbits                       00000000
_WDTE_OFF                         00003FF7
_WDTE_ON                          00003FFF
_WDT_OFF                          00003FF7
_WDT_ON                           00003FFF
_WPU                              00000000
_WPUA                             00000000
_WPUAbits                         00000000
_WPUB                             00000000
_WPUBbits                         00000000
_WPUbits                          00000000
_XT_OSC                           00003FF9
__16F690                          00000001
__CODE_END                        00000FFF
__CODE_START                      00000000
__COMMON_RAM_END                  0000007F
gpasm-1.4.0 #1107 (May  9 2015) build/default   1-12-2017  22:09:04         PAGE 37


SYMBOL TABLE
  LABEL                             VALUE 

__COMMON_RAM_START                00000070
__EEPROM_END                      000021FF
__EEPROM_START                    00002100
__VECTOR_INT                      00000004
__VECTOR_RESET                    00000000
___sdcc_saved_fsr                 00000000
__sdcc_gsinit_startup             00000000
__sdcc_interrupt                  00000004
_bitfield                         00000000
_buf                              00000000
_buf_err                          00000000
_buf_head                         00000000
_buf_tail                         00000000
_circBufPush                      00000000
_dec_to_ascii_buf                 00000000
_enter                            00000000
_init                             00000000
_int_err                          00000000
_int_error_cnt                    00000000
_main                             00000000
_pie1                             00000000
_pie2                             00000000
_pir1                             00000000
_pir2                             00000000
_receive_intr                     00000004
_strV0                            00000000
_strV1                            00000000
_strVF                            00000000
_strt                             00000000
_strt1                            00000000
_strw                             00000000
_strw1                            00000000
_sync                             00000000
_t                                00000000
_t1                               00000000
_tab                              00000000
_tim0_owf                         00000000
_uint8_send                       00000000
_w                                00000000
_w1                               00000000
r0x101D                           00000006
r0x101E                           00000007
r0x101F                           00000009
r0x1020                           00000008
r0x1021                           0000000A
r0x1022                           00000002
r0x1023                           00000004
r0x1024                           00000003
r0x1025                           00000005
r0x1026                           00000000
r0x1027                           00000001

Errors   :     0
gpasm-1.4.0 #1107 (May  9 2015) build/default   1-12-2017  22:09:04         PAGE 38




Warnings :     0 reported,     0 suppressed
Messages :     0 reported,     0 suppressed

